Arguments: 
  /Users/sifan/.nvm/versions/node/v14.18.2/bin/node /Users/sifan/.nvm/versions/node/v14.18.2/bin/yarn add dexie

PATH: 
  /Users/sifan/.nvm/versions/node/v14.18.2/bin:/usr/local/bin:/usr/bin:/bin:/usr/sbin:/sbin:/Users/sifan/.nvm/versions/node/v14.18.2/bin:/opt/homebrew/bin:/opt/homebrew/sbin

Yarn version: 
  1.22.17

Node version: 
  14.18.2

Platform: 
  darwin arm64

Trace: 
  Error: getaddrinfo ENOTFOUND registry.npm.qima-inc.com
      at GetAddrInfoReqWrap.onlookup [as oncomplete] (dns.js:71:26)

npm manifest: 
  {
    "name": "chart-tool",
    "version": "0.0.0",
    "main": "main.ts",
    "scripts": {
      "dev": "vite",
      "build": "vue-tsc --noEmit && vite build",
      "preview": "vite preview",
      "electron:serve": "electron ."
    },
    "dependencies": {
      "ant-design-vue": "^2.2.8",
      "dayjs": "^1.11.0",
      "echarts": "^5.3.0",
      "pinia": "^2.0.10",
      "vue": "^3.2.25",
      "vue-js-modal": "^2.0.1"
    },
    "devDependencies": {
      "@arco-design/web-vue": "^2.16.2",
      "@vitejs/plugin-vue": "^2.0.0",
      "electron": "^16.0.8",
      "less": "^4.1.2",
      "typescript": "^4.4.4",
      "unplugin-vue-components": "^0.17.21",
      "vite": "^2.7.2",
      "vue-tsc": "^0.29.8"
    }
  }

yarn manifest: 
  No manifest

Lockfile: 
  # THIS IS AN AUTOGENERATED FILE. DO NOT EDIT THIS FILE DIRECTLY.
  # yarn lockfile v1
  
  
  "@ant-design/colors@^5.0.0":
    version "5.1.1"
    resolved "http://registry.npm.qima-inc.com/@ant-design/colors/download/@ant-design/colors-5.1.1.tgz#800b2186b1e27e66432e67d03ed96af3e21d8940"
    integrity sha1-gAshhrHifmZDLmfQPtlq8+IdiUA=
    dependencies:
      "@ctrl/tinycolor" "^3.3.1"
  
  "@ant-design/icons-svg@^4.0.0":
    version "4.2.1"
    resolved "http://registry.npm.qima-inc.com/@ant-design/icons-svg/download/@ant-design/icons-svg-4.2.1.tgz#8630da8eb4471a4aabdaed7d1ff6a97dcb2cf05a"
    integrity sha1-hjDajrRHGkqr2u19H/apfcss8Fo=
  
  "@ant-design/icons-vue@^6.0.0":
    version "6.0.1"
    resolved "http://registry.npm.qima-inc.com/@ant-design/icons-vue/download/@ant-design/icons-vue-6.0.1.tgz#9d804c3c74d2cfaf97cb18e582d3b9400934f5fd"
    integrity sha1-nYBMPHTSz6+XyxjlgtO5QAk09f0=
    dependencies:
      "@ant-design/colors" "^5.0.0"
      "@ant-design/icons-svg" "^4.0.0"
      "@types/lodash" "^4.14.165"
      lodash "^4.17.15"
  
  "@antfu/utils@^0.4.0":
    version "0.4.0"
    resolved "http://registry.npm.qima-inc.com/@antfu/utils/download/@antfu/utils-0.4.0.tgz#df100ed9922d7359bf6c99083765b5207086b9a7"
    integrity sha1-3xAO2ZItc1m/bJkIN2W1IHCGuac=
    dependencies:
      "@types/throttle-debounce" "^2.1.0"
  
  "@arco-design/color@^0.4.0":
    version "0.4.0"
    resolved "http://registry.npm.qima-inc.com/@arco-design/color/download/@arco-design/color-0.4.0.tgz#52ddb40d318ee6df1057ca8c653cc1675023928f"
    integrity sha1-Ut20DTGO5t8QV8qMZTzBZ1Ajko8=
    dependencies:
      color "^3.1.3"
  
  "@arco-design/web-vue@^2.16.2":
    version "2.16.2"
    resolved "http://registry.npm.qima-inc.com/@arco-design/web-vue/download/@arco-design/web-vue-2.16.2.tgz#c7dc0a893465d962cb5dff42682ae26d3f87b1d7"
    integrity sha1-x9wKiTRl2WLLXf9CaCribT+Hsdc=
    dependencies:
      "@arco-design/color" "^0.4.0"
      b-tween "^0.3.3"
      b-validate "^1.3.1"
      compute-scroll-into-view "^1.0.17"
      dayjs "^1.10.3"
      number-precision "^1.5.0"
      resize-observer-polyfill "^1.5.1"
      scroll-into-view-if-needed "^2.2.28"
  
  "@babel/helper-validator-identifier@^7.16.7":
    version "7.16.7"
    resolved "http://registry.npm.qima-inc.com/@babel/helper-validator-identifier/download/@babel/helper-validator-identifier-7.16.7.tgz#e8c602438c4a8195751243da9031d1607d247cad"
    integrity sha1-6MYCQ4xKgZV1EkPakDHRYH0kfK0=
  
  "@babel/parser@^7.16.4", "@babel/parser@^7.6.0", "@babel/parser@^7.9.6":
    version "7.17.3"
    resolved "http://registry.npm.qima-inc.com/@babel/parser/download/@babel/parser-7.17.3.tgz#b07702b982990bf6fdc1da5049a23fece4c5c3d0"
    integrity sha1-sHcCuYKZC/b9wdpQSaI/7OTFw9A=
  
  "@babel/runtime@^7.10.5":
    version "7.17.8"
    resolved "http://registry.npm.qima-inc.com/@babel/runtime/download/@babel/runtime-7.17.8.tgz#3e56e4aff81befa55ac3ac6a0967349fd1c5bca2"
    integrity sha1-Plbkr/gb76Vaw6xqCWc0n9HFvKI=
    dependencies:
      regenerator-runtime "^0.13.4"
  
  "@babel/types@^7.6.1", "@babel/types@^7.9.6":
    version "7.17.0"
    resolved "http://registry.npm.qima-inc.com/@babel/types/download/@babel/types-7.17.0.tgz#a826e368bccb6b3d84acd76acad5c0d87342390b"
    integrity sha1-qCbjaLzLaz2ErNdqytXA2HNCOQs=
    dependencies:
      "@babel/helper-validator-identifier" "^7.16.7"
      to-fast-properties "^2.0.0"
  
  "@ctrl/tinycolor@^3.3.1":
    version "3.4.0"
    resolved "http://registry.npm.qima-inc.com/@ctrl/tinycolor/download/@ctrl/tinycolor-3.4.0.tgz#c3c5ae543c897caa9c2a68630bed355be5f9990f"
    integrity sha1-w8WuVDyJfKqcKmhjC+01W+X5mQ8=
  
  "@electron/get@^1.13.0":
    version "1.13.1"
    resolved "http://registry.npm.qima-inc.com/@electron/get/download/@electron/get-1.13.1.tgz#42a0aa62fd1189638bd966e23effaebb16108368"
    integrity sha1-QqCqYv0RiWOL2WbiPv+uuxYQg2g=
    dependencies:
      debug "^4.1.1"
      env-paths "^2.2.0"
      fs-extra "^8.1.0"
      got "^9.6.0"
      progress "^2.0.3"
      semver "^6.2.0"
      sumchecker "^3.0.1"
    optionalDependencies:
      global-agent "^3.0.0"
      global-tunnel-ng "^2.7.1"
  
  "@emmetio/abbreviation@^2.2.2":
    version "2.2.2"
    resolved "http://registry.npm.qima-inc.com/@emmetio/abbreviation/download/@emmetio/abbreviation-2.2.2.tgz#746762fd9e7a8c2ea604f580c62e3cfe250e6989"
    integrity sha1-dGdi/Z56jC6mBPWAxi48/iUOaYk=
    dependencies:
      "@emmetio/scanner" "^1.0.0"
  
  "@emmetio/css-abbreviation@^2.1.4":
    version "2.1.4"
    resolved "http://registry.npm.qima-inc.com/@emmetio/css-abbreviation/download/@emmetio/css-abbreviation-2.1.4.tgz#90362e8a1122ce3b76f6c3157907d30182f53f54"
    integrity sha1-kDYuihEizjt29sMVeQfTAYL1P1Q=
    dependencies:
      "@emmetio/scanner" "^1.0.0"
  
  "@emmetio/scanner@^1.0.0":
    version "1.0.0"
    resolved "http://registry.npm.qima-inc.com/@emmetio/scanner/download/@emmetio/scanner-1.0.0.tgz#065b2af6233fe7474d44823e3deb89724af42b5f"
    integrity sha1-Blsq9iM/50dNRII+PeuJckr0K18=
  
  "@nodelib/fs.scandir@2.1.5":
    version "2.1.5"
    resolved "http://registry.npm.qima-inc.com/@nodelib/fs.scandir/download/@nodelib/fs.scandir-2.1.5.tgz#7619c2eb21b25483f6d167548b4cfd5a7488c3d5"
    integrity sha1-dhnC6yGyVIP20WdUi0z9WnSIw9U=
    dependencies:
      "@nodelib/fs.stat" "2.0.5"
      run-parallel "^1.1.9"
  
  "@nodelib/fs.stat@2.0.5", "@nodelib/fs.stat@^2.0.2":
    version "2.0.5"
    resolved "http://registry.npm.qima-inc.com/@nodelib/fs.stat/download/@nodelib/fs.stat-2.0.5.tgz#5bd262af94e9d25bd1e71b05deed44876a222e8b"
    integrity sha1-W9Jir5Tp0lvR5xsF3u1Eh2oiLos=
  
  "@nodelib/fs.walk@^1.2.3":
    version "1.2.8"
    resolved "http://registry.npm.qima-inc.com/@nodelib/fs.walk/download/@nodelib/fs.walk-1.2.8.tgz#e95737e8bb6746ddedf69c556953494f196fe69a"
    integrity sha1-6Vc36LtnRt3t9pxVaVNJTxlv5po=
    dependencies:
      "@nodelib/fs.scandir" "2.1.5"
      fastq "^1.6.0"
  
  "@rollup/pluginutils@^4.1.2":
    version "4.2.0"
    resolved "http://registry.npm.qima-inc.com/@rollup/pluginutils/download/@rollup/pluginutils-4.2.0.tgz#a14bbd058fdbba0a5647143b16ed0d86fb60bd08"
    integrity sha1-oUu9BY/bugpWRxQ7Fu0NhvtgvQg=
    dependencies:
      estree-walker "^2.0.1"
      picomatch "^2.2.2"
  
  "@simonwep/pickr@~1.8.0":
    version "1.8.2"
    resolved "http://registry.npm.qima-inc.com/@simonwep/pickr/download/@simonwep/pickr-1.8.2.tgz#96dc86675940d7cad63d69c22083dd1cbb9797cb"
    integrity sha1-ltyGZ1lA18rWPWnCIIPdHLuXl8s=
    dependencies:
      core-js "^3.15.1"
      nanopop "^2.1.0"
  
  "@sindresorhus/is@^0.14.0":
    version "0.14.0"
    resolved "http://registry.npm.qima-inc.com/@sindresorhus/is/download/@sindresorhus/is-0.14.0.tgz#9fb3a3cf3132328151f353de4632e01e52102bea"
    integrity sha1-n7OjzzEyMoFR81PeRjLgHlIQK+o=
  
  "@szmarczak/http-timer@^1.1.2":
    version "1.1.2"
    resolved "http://registry.npm.qima-inc.com/@szmarczak/http-timer/download/@szmarczak/http-timer-1.1.2.tgz#b1665e2c461a2cd92f4c1bbf50d5454de0d4b421"
    integrity sha1-sWZeLEYaLNkvTBu/UNVFTeDUtCE=
    dependencies:
      defer-to-connect "^1.0.1"
  
  "@types/lodash@^4.14.165":
    version "4.14.179"
    resolved "http://registry.npm.qima-inc.com/@types/lodash/download/@types/lodash-4.14.179.tgz#490ec3288088c91295780237d2497a3aa9dfb5c5"
    integrity sha1-SQ7DKICIyRKVeAI30kl6OqnftcU=
  
  "@types/node@^14.6.2":
    version "14.18.12"
    resolved "http://registry.npm.qima-inc.com/@types/node/download/@types/node-14.18.12.tgz#0d4557fd3b94497d793efd4e7d92df2f83b4ef24"
    integrity sha1-DUVX/TuUSX15Pv1OfZLfL4O07yQ=
  
  "@types/throttle-debounce@^2.1.0":
    version "2.1.0"
    resolved "http://registry.npm.qima-inc.com/@types/throttle-debounce/download/@types/throttle-debounce-2.1.0.tgz#1c3df624bfc4b62f992d3012b84c56d41eab3776"
    integrity sha1-HD32JL/Eti+ZLTASuExW1B6rN3Y=
  
  "@vitejs/plugin-vue@^2.0.0":
    version "2.1.0"
    resolved "http://registry.npm.qima-inc.com/@vitejs/plugin-vue/download/@vitejs/plugin-vue-2.1.0.tgz#ddf5e0059f84f2ff649afc25ce5a59211e670542"
    integrity sha1-3fXgBZ+E8v9kmvwlzlpZIR5nBUI=
  
  "@volar/code-gen@0.29.8":
    version "0.29.8"
    resolved "http://registry.npm.qima-inc.com/@volar/code-gen/download/@volar/code-gen-0.29.8.tgz#db1a4bf29caeba131265bed9dbe96a1a0b66ea35"
    integrity sha1-2xpL8pyuuhMSZb7Z2+lqGgtm6jU=
    dependencies:
      "@volar/shared" "0.29.8"
      "@volar/source-map" "0.29.8"
  
  "@volar/html2pug@0.29.8":
    version "0.29.8"
    resolved "http://registry.npm.qima-inc.com/@volar/html2pug/download/@volar/html2pug-0.29.8.tgz#2e97fa2968dcdfe0dbbc67b0cd2ab4c440018738"
    integrity sha1-Lpf6KWjc3+DbvGewzSq0xEABhzg=
    dependencies:
      domelementtype "^2.2.0"
      domhandler "^4.2.2"
      htmlparser2 "^7.1.2"
      pug "^3.0.2"
  
  "@volar/shared@0.29.8":
    version "0.29.8"
    resolved "http://registry.npm.qima-inc.com/@volar/shared/download/@volar/shared-0.29.8.tgz#e635ddf2cbcf307da932eb4b98e33c320d3d2991"
    integrity sha1-5jXd8svPMH2pMutLmOM8Mg09KZE=
    dependencies:
      upath "^2.0.1"
      vscode-jsonrpc "^8.0.0-next.2"
      vscode-uri "^3.0.2"
  
  "@volar/source-map@0.29.8":
    version "0.29.8"
    resolved "http://registry.npm.qima-inc.com/@volar/source-map/download/@volar/source-map-0.29.8.tgz#3299a0ae86ae0b72b4db3e50499d8bb285d8e9b2"
    integrity sha1-MpmgroauC3K02z5QSZ2LsoXY6bI=
    dependencies:
      "@volar/shared" "0.29.8"
  
  "@volar/transforms@0.29.8":
    version "0.29.8"
    resolved "http://registry.npm.qima-inc.com/@volar/transforms/download/@volar/transforms-0.29.8.tgz#ef807010ac90772a065e7cf50509b6433b53e355"
    integrity sha1-74BwEKyQdyoGXnz1BQm2QztT41U=
    dependencies:
      "@volar/shared" "0.29.8"
      vscode-languageserver "^8.0.0-next.2"
  
  "@volar/vue-code-gen@0.29.8":
    version "0.29.8"
    resolved "http://registry.npm.qima-inc.com/@volar/vue-code-gen/download/@volar/vue-code-gen-0.29.8.tgz#32401d52e2570d775fcc6cbc83abefeef65c48cd"
    integrity sha1-MkAdUuJXDXdfzGy8g6vv7vZcSM0=
    dependencies:
      "@volar/code-gen" "0.29.8"
      "@volar/shared" "0.29.8"
      "@volar/source-map" "0.29.8"
      "@vue/compiler-core" "^3.2.21"
      "@vue/compiler-dom" "^3.2.21"
      "@vue/shared" "^3.2.21"
      upath "^2.0.1"
  
  "@vscode/emmet-helper@^2.8.0":
    version "2.8.3"
    resolved "http://registry.npm.qima-inc.com/@vscode/emmet-helper/download/@vscode/emmet-helper-2.8.3.tgz#f7c2b4a4751d03bcf2b421f0fce5b521a0f64a18"
    integrity sha1-98K0pHUdA7zytCHw/OW1IaD2Shg=
    dependencies:
      emmet "^2.3.0"
      jsonc-parser "^2.3.0"
      vscode-languageserver-textdocument "^1.0.1"
      vscode-languageserver-types "^3.15.1"
      vscode-nls "^5.0.0"
      vscode-uri "^2.1.2"
  
  "@vue/compiler-core@3.2.31", "@vue/compiler-core@^3.2.21":
    version "3.2.31"
    resolved "http://registry.npm.qima-inc.com/@vue/compiler-core/download/@vue/compiler-core-3.2.31.tgz#d38f06c2cf845742403b523ab4596a3fda152e89"
    integrity sha1-048Gws+EV0JAO1I6tFlqP9oVLok=
    dependencies:
      "@babel/parser" "^7.16.4"
      "@vue/shared" "3.2.31"
      estree-walker "^2.0.2"
      source-map "^0.6.1"
  
  "@vue/compiler-dom@3.2.31", "@vue/compiler-dom@^3.2.21":
    version "3.2.31"
    resolved "http://registry.npm.qima-inc.com/@vue/compiler-dom/download/@vue/compiler-dom-3.2.31.tgz#b1b7dfad55c96c8cc2b919cd7eb5fd7e4ddbf00e"
    integrity sha1-sbffrVXJbIzCuRnNfrX9fk3b8A4=
    dependencies:
      "@vue/compiler-core" "3.2.31"
      "@vue/shared" "3.2.31"
  
  "@vue/compiler-sfc@3.2.31":
    version "3.2.31"
    resolved "http://registry.npm.qima-inc.com/@vue/compiler-sfc/download/@vue/compiler-sfc-3.2.31.tgz#d02b29c3fe34d599a52c5ae1c6937b4d69f11c2f"
    integrity sha1-0Cspw/401ZmlLFrhxpN7TWnxHC8=
    dependencies:
      "@babel/parser" "^7.16.4"
      "@vue/compiler-core" "3.2.31"
      "@vue/compiler-dom" "3.2.31"
      "@vue/compiler-ssr" "3.2.31"
      "@vue/reactivity-transform" "3.2.31"
      "@vue/shared" "3.2.31"
      estree-walker "^2.0.2"
      magic-string "^0.25.7"
      postcss "^8.1.10"
      source-map "^0.6.1"
  
  "@vue/compiler-ssr@3.2.31":
    version "3.2.31"
    resolved "http://registry.npm.qima-inc.com/@vue/compiler-ssr/download/@vue/compiler-ssr-3.2.31.tgz#4fa00f486c9c4580b40a4177871ebbd650ecb99c"
    integrity sha1-T6APSGycRYC0CkF3hx671lDsuZw=
    dependencies:
      "@vue/compiler-dom" "3.2.31"
      "@vue/shared" "3.2.31"
  
  "@vue/devtools-api@^6.0.0-beta.21":
    version "6.0.0-beta.21.1"
    resolved "http://registry.npm.qima-inc.com/@vue/devtools-api/download/@vue/devtools-api-6.0.0-beta.21.1.tgz#f1410f53c42aa67fa3b01ca7bdba891f69d7bc97"
    integrity sha1-8UEPU8Qqpn+jsBynvbqJH2nXvJc=
  
  "@vue/reactivity-transform@3.2.31":
    version "3.2.31"
    resolved "http://registry.npm.qima-inc.com/@vue/reactivity-transform/download/@vue/reactivity-transform-3.2.31.tgz#0f5b25c24e70edab2b613d5305c465b50fc00911"
    integrity sha1-D1slwk5w7asrYT1TBcRltQ/ACRE=
    dependencies:
      "@babel/parser" "^7.16.4"
      "@vue/compiler-core" "3.2.31"
      "@vue/shared" "3.2.31"
      estree-walker "^2.0.2"
      magic-string "^0.25.7"
  
  "@vue/reactivity@3.2.31", "@vue/reactivity@^3.2.21":
    version "3.2.31"
    resolved "http://registry.npm.qima-inc.com/@vue/reactivity/download/@vue/reactivity-3.2.31.tgz#fc90aa2cdf695418b79e534783aca90d63a46bbd"
    integrity sha1-/JCqLN9pVBi3nlNHg6ypDWOka70=
    dependencies:
      "@vue/shared" "3.2.31"
  
  "@vue/runtime-core@3.2.31":
    version "3.2.31"
    resolved "http://registry.npm.qima-inc.com/@vue/runtime-core/download/@vue/runtime-core-3.2.31.tgz#9d284c382f5f981b7a7b5971052a1dc4ef39ac7a"
    integrity sha1-nShMOC9fmBt6e1lxBSodxO85rHo=
    dependencies:
      "@vue/reactivity" "3.2.31"
      "@vue/shared" "3.2.31"
  
  "@vue/runtime-dom@3.2.31":
    version "3.2.31"
    resolved "http://registry.npm.qima-inc.com/@vue/runtime-dom/download/@vue/runtime-dom-3.2.31.tgz#79ce01817cb3caf2c9d923f669b738d2d7953eff"
    integrity sha1-ec4BgXyzyvLJ2SP2abc40teVPv8=
    dependencies:
      "@vue/runtime-core" "3.2.31"
      "@vue/shared" "3.2.31"
      csstype "^2.6.8"
  
  "@vue/server-renderer@3.2.31":
    version "3.2.31"
    resolved "http://registry.npm.qima-inc.com/@vue/server-renderer/download/@vue/server-renderer-3.2.31.tgz#201e9d6ce735847d5989403af81ef80960da7141"
    integrity sha1-IB6dbOc1hH1ZiUA6+B74CWDacUE=
    dependencies:
      "@vue/compiler-ssr" "3.2.31"
      "@vue/shared" "3.2.31"
  
  "@vue/shared@3.2.31", "@vue/shared@^3.2.21":
    version "3.2.31"
    resolved "http://registry.npm.qima-inc.com/@vue/shared/download/@vue/shared-3.2.31.tgz#c90de7126d833dcd3a4c7534d534be2fb41faa4e"
    integrity sha1-yQ3nEm2DPc06THU01TS+L7Qfqk4=
  
  acorn@^7.1.1:
    version "7.4.1"
    resolved "http://registry.npm.qima-inc.com/acorn/download/acorn-7.4.1.tgz#feaed255973d2e77555b83dbc08851a6c63520fa"
    integrity sha1-/q7SVZc9LndVW4PbwIhRpsY1IPo=
  
  ant-design-vue@^2.2.8:
    version "2.2.8"
    resolved "http://registry.npm.qima-inc.com/ant-design-vue/download/ant-design-vue-2.2.8.tgz#fa87cf6842d8ee9a0d8af393ff4099ecc4072f2b"
    integrity sha1-+ofPaELY7poNivOT/0CZ7MQHLys=
    dependencies:
      "@ant-design/icons-vue" "^6.0.0"
      "@babel/runtime" "^7.10.5"
      "@simonwep/pickr" "~1.8.0"
      array-tree-filter "^2.1.0"
      async-validator "^3.3.0"
      dom-align "^1.12.1"
      dom-scroll-into-view "^2.0.0"
      lodash "^4.17.21"
      lodash-es "^4.17.15"
      moment "^2.27.0"
      omit.js "^2.0.0"
      resize-observer-polyfill "^1.5.1"
      scroll-into-view-if-needed "^2.2.25"
      shallow-equal "^1.0.0"
      vue-types "^3.0.0"
      warning "^4.0.0"
  
  anymatch@~3.1.2:
    version "3.1.2"
    resolved "http://registry.npm.qima-inc.com/anymatch/download/anymatch-3.1.2.tgz#c0557c096af32f106198f4f4e2a383537e378716"
    integrity sha1-wFV8CWrzLxBhmPT04qODU343hxY=
    dependencies:
      normalize-path "^3.0.0"
      picomatch "^2.0.4"
  
  array-tree-filter@^2.1.0:
    version "2.1.0"
    resolved "http://registry.npm.qima-inc.com/array-tree-filter/download/array-tree-filter-2.1.0.tgz#873ac00fec83749f255ac8dd083814b4f6329190"
    integrity sha1-hzrAD+yDdJ8lWsjdCDgUtPYykZA=
  
  asap@~2.0.3:
    version "2.0.6"
    resolved "http://registry.npm.qima-inc.com/asap/download/asap-2.0.6.tgz#e50347611d7e690943208bbdafebcbc2fb866d46"
    integrity sha1-5QNHYR1+aQlDIIu9r+vLwvuGbUY=
  
  assert-never@^1.2.1:
    version "1.2.1"
    resolved "http://registry.npm.qima-inc.com/assert-never/download/assert-never-1.2.1.tgz#11f0e363bf146205fb08193b5c7b90f4d1cf44fe"
    integrity sha1-EfDjY78UYgX7CBk7XHuQ9NHPRP4=
  
  async-validator@^3.3.0:
    version "3.5.2"
    resolved "http://registry.npm.qima-inc.com/async-validator/download/async-validator-3.5.2.tgz#68e866a96824e8b2694ff7a831c1a25c44d5e500"
    integrity sha1-aOhmqWgk6LJpT/eoMcGiXETV5QA=
  
  b-tween@^0.3.3:
    version "0.3.3"
    resolved "http://registry.npm.qima-inc.com/b-tween/download/b-tween-0.3.3.tgz#7a93ed199c98cd41a33ba4c711a0fa7e86db3fa2"
    integrity sha1-epPtGZyYzUGjO6THEaD6fobbP6I=
  
  b-validate@^1.3.1:
    version "1.3.1"
    resolved "http://registry.npm.qima-inc.com/b-validate/download/b-validate-1.3.1.tgz#e595e3b29fd3373be573ceb33bfe6d10c5129149"
    integrity sha1-5ZXjsp/TNzvlc86zO/5tEMUSkUk=
    dependencies:
      lodash.isequal "^4.5.0"
  
  babel-walk@3.0.0-canary-5:
    version "3.0.0-canary-5"
    resolved "http://registry.npm.qima-inc.com/babel-walk/download/babel-walk-3.0.0-canary-5.tgz#f66ecd7298357aee44955f235a6ef54219104b11"
    integrity sha1-9m7Ncpg1eu5ElV8jWm71QhkQSxE=
    dependencies:
      "@babel/types" "^7.9.6"
  
  balanced-match@^1.0.0:
    version "1.0.2"
    resolved "http://registry.npm.qima-inc.com/balanced-match/download/balanced-match-1.0.2.tgz#e83e3a7e3f300b34cb9d87f615fa0cbf357690ee"
    integrity sha1-6D46fj8wCzTLnYf2FfoMvzV2kO4=
  
  binary-extensions@^2.0.0:
    version "2.2.0"
    resolved "http://registry.npm.qima-inc.com/binary-extensions/download/binary-extensions-2.2.0.tgz#75f502eeaf9ffde42fc98829645be4ea76bd9e2d"
    integrity sha1-dfUC7q+f/eQvyYgpZFvk6na9ni0=
  
  boolean@^3.0.1:
    version "3.1.4"
    resolved "http://registry.npm.qima-inc.com/boolean/download/boolean-3.1.4.tgz#f51a2fb5838a99e06f9b6ec1edb674de67026435"
    integrity sha1-9RovtYOKmeBvm27B7bZ03mcCZDU=
  
  brace-expansion@^1.1.7:
    version "1.1.11"
    resolved "http://registry.npm.qima-inc.com/brace-expansion/download/brace-expansion-1.1.11.tgz#3c7fcbf529d87226f3d2f52b966ff5271eb441dd"
    integrity sha1-PH/L9SnYcibz0vUrlm/1Jx60Qd0=
    dependencies:
      balanced-match "^1.0.0"
      concat-map "0.0.1"
  
  braces@^3.0.1, braces@~3.0.2:
    version "3.0.2"
    resolved "http://registry.npm.qima-inc.com/braces/download/braces-3.0.2.tgz#3454e1a462ee8d599e236df336cd9ea4f8afe107"
    integrity sha1-NFThpGLujVmeI23zNs2epPiv4Qc=
    dependencies:
      fill-range "^7.0.1"
  
  buffer-crc32@~0.2.3:
    version "0.2.13"
    resolved "http://registry.npm.qima-inc.com/buffer-crc32/download/buffer-crc32-0.2.13.tgz#0d333e3f00eac50aa1454abd30ef8c2a5d9a7242"
    integrity sha1-DTM+PwDqxQqhRUq9MO+MKl2ackI=
  
  buffer-from@^1.0.0:
    version "1.1.2"
    resolved "http://registry.npm.qima-inc.com/buffer-from/download/buffer-from-1.1.2.tgz#2b146a6fd72e80b4f55d255f35ed59a3a9a41bd5"
    integrity sha1-KxRqb9cugLT1XSVfNe1Zo6mkG9U=
  
  cacheable-request@^6.0.0:
    version "6.1.0"
    resolved "http://registry.npm.qima-inc.com/cacheable-request/download/cacheable-request-6.1.0.tgz#20ffb8bd162ba4be11e9567d823db651052ca912"
    integrity sha1-IP+4vRYrpL4R6VZ9gj22UQUsqRI=
    dependencies:
      clone-response "^1.0.2"
      get-stream "^5.1.0"
      http-cache-semantics "^4.0.0"
      keyv "^3.0.0"
      lowercase-keys "^2.0.0"
      normalize-url "^4.1.0"
      responselike "^1.0.2"
  
  call-bind@^1.0.2:
    version "1.0.2"
    resolved "http://registry.npm.qima-inc.com/call-bind/download/call-bind-1.0.2.tgz#b1d4e89e688119c3c9a903ad30abb2f6a919be3c"
    integrity sha1-sdTonmiBGcPJqQOtMKuy9qkZvjw=
    dependencies:
      function-bind "^1.1.1"
      get-intrinsic "^1.0.2"
  
  character-parser@^2.2.0:
    version "2.2.0"
    resolved "http://registry.npm.qima-inc.com/character-parser/download/character-parser-2.2.0.tgz#c7ce28f36d4bcd9744e5ffc2c5fcde1c73261fc0"
    integrity sha1-x84o821LzZdE5f/CxfzeHHMmH8A=
    dependencies:
      is-regex "^1.0.3"
  
  chokidar@^3.5.2:
    version "3.5.3"
    resolved "http://registry.npm.qima-inc.com/chokidar/download/chokidar-3.5.3.tgz#1cf37c8707b932bd1af1ae22c0432e2acd1903bd"
    integrity sha1-HPN8hwe5Mr0a8a4iwEMuKs0ZA70=
    dependencies:
      anymatch "~3.1.2"
      braces "~3.0.2"
      glob-parent "~5.1.2"
      is-binary-path "~2.1.0"
      is-glob "~4.0.1"
      normalize-path "~3.0.0"
      readdirp "~3.6.0"
    optionalDependencies:
      fsevents "~2.3.2"
  
  clone-response@^1.0.2:
    version "1.0.2"
    resolved "http://registry.npm.qima-inc.com/clone-response/download/clone-response-1.0.2.tgz#d1dc973920314df67fbeb94223b4ee350239e96b"
    integrity sha1-0dyXOSAxTfZ/vrlCI7TuNQI56Ws=
    dependencies:
      mimic-response "^1.0.0"
  
  color-convert@^1.9.3:
    version "1.9.3"
    resolved "http://registry.npm.qima-inc.com/color-convert/download/color-convert-1.9.3.tgz#bb71850690e1f136567de629d2d5471deda4c1e8"
    integrity sha1-u3GFBpDh8TZWfeYp0tVHHe2kweg=
    dependencies:
      color-name "1.1.3"
  
  color-name@1.1.3:
    version "1.1.3"
    resolved "http://registry.npm.qima-inc.com/color-name/download/color-name-1.1.3.tgz#a7d0558bd89c42f795dd42328f740831ca53bc25"
    integrity sha1-p9BVi9icQveV3UIyj3QIMcpTvCU=
  
  color-name@^1.0.0:
    version "1.1.4"
    resolved "http://registry.npm.qima-inc.com/color-name/download/color-name-1.1.4.tgz#c2a09a87acbde69543de6f63fa3995c826c536a2"
    integrity sha1-wqCah6y95pVD3m9j+jmVyCbFNqI=
  
  color-string@^1.6.0:
    version "1.9.0"
    resolved "http://registry.npm.qima-inc.com/color-string/download/color-string-1.9.0.tgz#63b6ebd1bec11999d1df3a79a7569451ac2be8aa"
    integrity sha1-Y7br0b7BGZnR3zp5p1aUUawr6Ko=
    dependencies:
      color-name "^1.0.0"
      simple-swizzle "^0.2.2"
  
  color@^3.1.3:
    version "3.2.1"
    resolved "http://registry.npm.qima-inc.com/color/download/color-3.2.1.tgz#3544dc198caf4490c3ecc9a790b54fe9ff45e164"
    integrity sha1-NUTcGYyvRJDD7MmnkLVP6f9F4WQ=
    dependencies:
      color-convert "^1.9.3"
      color-string "^1.6.0"
  
  compute-scroll-into-view@^1.0.17:
    version "1.0.17"
    resolved "http://registry.npm.qima-inc.com/compute-scroll-into-view/download/compute-scroll-into-view-1.0.17.tgz#6a88f18acd9d42e9cf4baa6bec7e0522607ab7ab"
    integrity sha1-aojxis2dQunPS6pr7H4FImB6t6s=
  
  concat-map@0.0.1:
    version "0.0.1"
    resolved "http://registry.npm.qima-inc.com/concat-map/download/concat-map-0.0.1.tgz#d8a96bd77fd68df7793a73036a3ba0d5405d477b"
    integrity sha1-2Klr13/Wjfd5OnMDajug1UBdR3s=
  
  concat-stream@^1.6.2:
    version "1.6.2"
    resolved "http://registry.npm.qima-inc.com/concat-stream/download/concat-stream-1.6.2.tgz#904bdf194cd3122fc675c77fc4ac3d4ff0fd1a34"
    integrity sha1-kEvfGUzTEi/Gdcd/xKw9T/D9GjQ=
    dependencies:
      buffer-from "^1.0.0"
      inherits "^2.0.3"
      readable-stream "^2.2.2"
      typedarray "^0.0.6"
  
  config-chain@^1.1.11:
    version "1.1.13"
    resolved "http://registry.npm.qima-inc.com/config-chain/download/config-chain-1.1.13.tgz#fad0795aa6a6cdaff9ed1b68e9dff94372c232f4"
    integrity sha1-+tB5Wqamza/57Rto6d/5Q3LCMvQ=
    dependencies:
      ini "^1.3.4"
      proto-list "~1.2.1"
  
  constantinople@^4.0.1:
    version "4.0.1"
    resolved "http://registry.npm.qima-inc.com/constantinople/download/constantinople-4.0.1.tgz#0def113fa0e4dc8de83331a5cf79c8b325213151"
    integrity sha1-De8RP6Dk3I3oMzGlz3nIsyUhMVE=
    dependencies:
      "@babel/parser" "^7.6.0"
      "@babel/types" "^7.6.1"
  
  copy-anything@^2.0.1:
    version "2.0.6"
    resolved "http://registry.npm.qima-inc.com/copy-anything/download/copy-anything-2.0.6.tgz#092454ea9584a7b7ad5573062b2a87f5900fc480"
    integrity sha1-CSRU6pWEp7etVXMGKyqH9ZAPxIA=
    dependencies:
      is-what "^3.14.1"
  
  core-js@^3.15.1:
    version "3.21.1"
    resolved "http://registry.npm.qima-inc.com/core-js/download/core-js-3.21.1.tgz#f2e0ddc1fc43da6f904706e8e955bc19d06a0d94"
    integrity sha1-8uDdwfxD2m+QRwbo6VW8GdBqDZQ=
  
  core-util-is@~1.0.0:
    version "1.0.3"
    resolved "http://registry.npm.qima-inc.com/core-util-is/download/core-util-is-1.0.3.tgz#a6042d3634c2b27e9328f837b965fac83808db85"
    integrity sha1-pgQtNjTCsn6TKPg3uWX6yDgI24U=
  
  csstype@^2.6.8:
    version "2.6.19"
    resolved "http://registry.npm.qima-inc.com/csstype/download/csstype-2.6.19.tgz#feeb5aae89020bb389e1f63669a5ed490e391caa"
    integrity sha1-/utarokCC7OJ4fY2aaXtSQ45HKo=
  
  dayjs@^1.10.3, dayjs@^1.11.0:
    version "1.11.0"
    resolved "http://registry.npm.qima-inc.com/dayjs/download/dayjs-1.11.0.tgz#009bf7ef2e2ea2d5db2e6583d2d39a4b5061e805"
    integrity sha1-AJv37y4uotXbLmWD0tOaS1Bh6AU=
  
  debug@^2.6.9:
    version "2.6.9"
    resolved "http://registry.npm.qima-inc.com/debug/download/debug-2.6.9.tgz#5d128515df134ff327e90a4c93f4e077a536341f"
    integrity sha1-XRKFFd8TT/Mn6QpMk/Tgd6U2NB8=
    dependencies:
      ms "2.0.0"
  
  debug@^3.2.6:
    version "3.2.7"
    resolved "http://registry.npm.qima-inc.com/debug/download/debug-3.2.7.tgz#72580b7e9145fb39b6676f9c5e5fb100b934179a"
    integrity sha1-clgLfpFF+zm2Z2+cXl+xALk0F5o=
    dependencies:
      ms "^2.1.1"
  
  debug@^4.1.0, debug@^4.1.1:
    version "4.3.3"
    resolved "http://registry.npm.qima-inc.com/debug/download/debug-4.3.3.tgz#04266e0b70a98d4462e6e288e38259213332b664"
    integrity sha1-BCZuC3CpjURi5uKI44JZITMytmQ=
    dependencies:
      ms "2.1.2"
  
  debug@^4.3.3:
    version "4.3.4"
    resolved "http://registry.npm.qima-inc.com/debug/download/debug-4.3.4.tgz#1319f6579357f2338d3337d2cdd4914bb5dcc865"
    integrity sha1-Exn2V5NX8jONMzfSzdSRS7XcyGU=
    dependencies:
      ms "2.1.2"
  
  decompress-response@^3.3.0:
    version "3.3.0"
    resolved "http://registry.npm.qima-inc.com/decompress-response/download/decompress-response-3.3.0.tgz#80a4dd323748384bfa248083622aedec982adff3"
    integrity sha1-gKTdMjdIOEv6JICDYirt7Jgq3/M=
    dependencies:
      mimic-response "^1.0.0"
  
  defer-to-connect@^1.0.1:
    version "1.1.3"
    resolved "http://registry.npm.qima-inc.com/defer-to-connect/download/defer-to-connect-1.1.3.tgz#331ae050c08dcf789f8c83a7b81f0ed94f4ac591"
    integrity sha1-MxrgUMCNz3ifjIOnuB8O2U9KxZE=
  
  define-properties@^1.1.3:
    version "1.1.3"
    resolved "http://registry.npm.qima-inc.com/define-properties/download/define-properties-1.1.3.tgz#cf88da6cbee26fe6db7094f61d870cbd84cee9f1"
    integrity sha1-z4jabL7ib+bbcJT2HYcMvYTO6fE=
    dependencies:
      object-keys "^1.0.12"
  
  detect-node@^2.0.4:
    version "2.1.0"
    resolved "http://registry.npm.qima-inc.com/detect-node/download/detect-node-2.1.0.tgz#c9c70775a49c3d03bc2c06d9a73be550f978f8b1"
    integrity sha1-yccHdaScPQO8LAbZpzvlUPl4+LE=
  
  doctypes@^1.1.0:
    version "1.1.0"
    resolved "http://registry.npm.qima-inc.com/doctypes/download/doctypes-1.1.0.tgz#ea80b106a87538774e8a3a4a5afe293de489e0a9"
    integrity sha1-6oCxBqh1OHdOijpKWv4pPeSJ4Kk=
  
  dom-align@^1.12.1:
    version "1.12.2"
    resolved "http://registry.npm.qima-inc.com/dom-align/download/dom-align-1.12.2.tgz#0f8164ebd0c9c21b0c790310493cd855892acd4b"
    integrity sha1-D4Fk69DJwhsMeQMQSTzYVYkqzUs=
  
  dom-scroll-into-view@^2.0.0:
    version "2.0.1"
    resolved "http://registry.npm.qima-inc.com/dom-scroll-into-view/download/dom-scroll-into-view-2.0.1.tgz#0decc8522801fd8d3f1c6ba355a74d382c5f989b"
    integrity sha1-DezIUigB/Y0/HGujVadNOCxfmJs=
  
  dom-serializer@^1.0.1:
    version "1.3.2"
    resolved "http://registry.npm.qima-inc.com/dom-serializer/download/dom-serializer-1.3.2.tgz#6206437d32ceefaec7161803230c7a20bc1b4d91"
    integrity sha1-YgZDfTLO767HFhgDIwx6ILwbTZE=
    dependencies:
      domelementtype "^2.0.1"
      domhandler "^4.2.0"
      entities "^2.0.0"
  
  domelementtype@^2.0.1, domelementtype@^2.2.0:
    version "2.2.0"
    resolved "http://registry.npm.qima-inc.com/domelementtype/download/domelementtype-2.2.0.tgz#9a0b6c2782ed6a1c7323d42267183df9bd8b1d57"
    integrity sha1-mgtsJ4LtahxzI9QiZxg9+b2LHVc=
  
  domhandler@^4.2.0, domhandler@^4.2.2:
    version "4.3.0"
    resolved "http://registry.npm.qima-inc.com/domhandler/download/domhandler-4.3.0.tgz#16c658c626cf966967e306f966b431f77d4a5626"
    integrity sha1-FsZYxibPlmln4wb5ZrQx931KViY=
    dependencies:
      domelementtype "^2.2.0"
  
  domutils@^2.8.0:
    version "2.8.0"
    resolved "http://registry.npm.qima-inc.com/domutils/download/domutils-2.8.0.tgz#4437def5db6e2d1f5d6ee859bd95ca7d02048135"
    integrity sha1-RDfe9dtuLR9dbuhZvZXKfQIEgTU=
    dependencies:
      dom-serializer "^1.0.1"
      domelementtype "^2.2.0"
      domhandler "^4.2.0"
  
  duplexer3@^0.1.4:
    version "0.1.4"
    resolved "http://registry.npm.qima-inc.com/duplexer3/download/duplexer3-0.1.4.tgz#ee01dd1cac0ed3cbc7fdbea37dc0a8f1ce002ce2"
    integrity sha1-7gHdHKwO08vH/b6jfcCo8c4ALOI=
  
  echarts@^5.3.0:
    version "5.3.0"
    resolved "http://registry.npm.qima-inc.com/echarts/download/echarts-5.3.0.tgz#39342fcf0f763413fecd9d2afd1c415163de694d"
    integrity sha1-OTQvzw92NBP+zZ0q/RxBUWPeaU0=
    dependencies:
      tslib "2.3.0"
      zrender "5.3.0"
  
  electron@^16.0.8:
    version "16.0.8"
    resolved "http://registry.npm.qima-inc.com/electron/download/electron-16.0.8.tgz#7ebd3e23c4883c239f53d8b7af1100f455ac8a02"
    integrity sha1-fr0+I8SIPCOfU9i3rxEA9FWsigI=
    dependencies:
      "@electron/get" "^1.13.0"
      "@types/node" "^14.6.2"
      extract-zip "^1.0.3"
  
  emmet@^2.3.0:
    version "2.3.5"
    resolved "http://registry.npm.qima-inc.com/emmet/download/emmet-2.3.5.tgz#7f80f9c3db6831d1ee2b458717b9c36a074b1a47"
    integrity sha1-f4D5w9toMdHuK0WHF7nDagdLGkc=
    dependencies:
      "@emmetio/abbreviation" "^2.2.2"
      "@emmetio/css-abbreviation" "^2.1.4"
  
  encodeurl@^1.0.2:
    version "1.0.2"
    resolved "http://registry.npm.qima-inc.com/encodeurl/download/encodeurl-1.0.2.tgz#ad3ff4c86ec2d029322f5a02c3a9a606c95b3f59"
    integrity sha1-rT/0yG7C0CkyL1oCw6mmBslbP1k=
  
  end-of-stream@^1.1.0:
    version "1.4.4"
    resolved "http://registry.npm.qima-inc.com/end-of-stream/download/end-of-stream-1.4.4.tgz#5ae64a5f45057baf3626ec14da0ca5e4b2431eb0"
    integrity sha1-WuZKX0UFe682JuwU2gyl5LJDHrA=
    dependencies:
      once "^1.4.0"
  
  entities@^2.0.0:
    version "2.2.0"
    resolved "http://registry.npm.qima-inc.com/entities/download/entities-2.2.0.tgz#098dc90ebb83d8dffa089d55256b351d34c4da55"
    integrity sha1-CY3JDruD2N/6CJ1VJWs1HTTE2lU=
  
  entities@^3.0.1:
    version "3.0.1"
    resolved "http://registry.npm.qima-inc.com/entities/download/entities-3.0.1.tgz#2b887ca62585e96db3903482d336c1006c3001d4"
    integrity sha1-K4h8piWF6W2zkDSC0zbBAGwwAdQ=
  
  env-paths@^2.2.0:
    version "2.2.1"
    resolved "http://registry.npm.qima-inc.com/env-paths/download/env-paths-2.2.1.tgz#420399d416ce1fbe9bc0a07c62fa68d67fd0f8f2"
    integrity sha1-QgOZ1BbOH76bwKB8Yvpo1n/Q+PI=
  
  errno@^0.1.1:
    version "0.1.8"
    resolved "http://registry.npm.qima-inc.com/errno/download/errno-0.1.8.tgz#8bb3e9c7d463be4976ff888f76b4809ebc2e811f"
    integrity sha1-i7Ppx9Rjvkl2/4iPdrSAnrwugR8=
    dependencies:
      prr "~1.0.1"
  
  es6-error@^4.1.1:
    version "4.1.1"
    resolved "http://registry.npm.qima-inc.com/es6-error/download/es6-error-4.1.1.tgz#9e3af407459deed47e9a91f9b885a84eb05c561d"
    integrity sha1-njr0B0Wd7tR+mpH5uIWoTrBcVh0=
  
  esbuild-android-arm64@0.14.23:
    version "0.14.23"
    resolved "http://registry.npm.qima-inc.com/esbuild-android-arm64/download/esbuild-android-arm64-0.14.23.tgz#c89b3c50b4f47668dcbeb0b34ee4615258818e71"
    integrity sha1-yJs8ULT0dmjcvrCzTuRhUliBjnE=
  
  esbuild-darwin-64@0.14.23:
    version "0.14.23"
    resolved "http://registry.npm.qima-inc.com/esbuild-darwin-64/download/esbuild-darwin-64-0.14.23.tgz#1c131e8cb133ed935ca32f824349a117c896a15b"
    integrity sha1-HBMejLEz7ZNcoy+CQ0mhF8iWoVs=
  
  esbuild-darwin-arm64@0.14.23:
    version "0.14.23"
    resolved "http://registry.npm.qima-inc.com/esbuild-darwin-arm64/download/esbuild-darwin-arm64-0.14.23.tgz#3c6245a50109dd84953f53d7833bd3b4f0e8c6fa"
    integrity sha1-PGJFpQEJ3YSVP1PXgzvTtPDoxvo=
  
  esbuild-freebsd-64@0.14.23:
    version "0.14.23"
    resolved "http://registry.npm.qima-inc.com/esbuild-freebsd-64/download/esbuild-freebsd-64-0.14.23.tgz#0cdc54e72d3dd9cd992f9c2960055e68a7f8650c"
    integrity sha1-DNxU5y092c2ZL5wpYAVeaKf4ZQw=
  
  esbuild-freebsd-arm64@0.14.23:
    version "0.14.23"
    resolved "http://registry.npm.qima-inc.com/esbuild-freebsd-arm64/download/esbuild-freebsd-arm64-0.14.23.tgz#1d11faed3a0c429e99b7dddef84103eb509788b2"
    integrity sha1-HRH67ToMQp6Zt93e+EED61CXiLI=
  
  esbuild-linux-32@0.14.23:
    version "0.14.23"
    resolved "http://registry.npm.qima-inc.com/esbuild-linux-32/download/esbuild-linux-32-0.14.23.tgz#fd9f033fc27dcab61100cb1eb1c936893a68c841"
    integrity sha1-/Z8DP8J9yrYRAMsesck2iTpoyEE=
  
  esbuild-linux-64@0.14.23:
    version "0.14.23"
    resolved "http://registry.npm.qima-inc.com/esbuild-linux-64/download/esbuild-linux-64-0.14.23.tgz#c04c438514f1359ecb1529205d0c836d4165f198"
    integrity sha1-wExDhRTxNZ7LFSkgXQyDbUFl8Zg=
  
  esbuild-linux-arm64@0.14.23:
    version "0.14.23"
    resolved "http://registry.npm.qima-inc.com/esbuild-linux-arm64/download/esbuild-linux-arm64-0.14.23.tgz#d1b3ab2988ab0734886eb9e811726f7db099ab96"
    integrity sha1-0bOrKYirBzSIbrnoEXJvfbCZq5Y=
  
  esbuild-linux-arm@0.14.23:
    version "0.14.23"
    resolved "http://registry.npm.qima-inc.com/esbuild-linux-arm/download/esbuild-linux-arm-0.14.23.tgz#df7558b6a5076f5eb9fd387c8704f768b61d97fb"
    integrity sha1-33VYtqUHb165/Th8hwT3aLYdl/s=
  
  esbuild-linux-mips64le@0.14.23:
    version "0.14.23"
    resolved "http://registry.npm.qima-inc.com/esbuild-linux-mips64le/download/esbuild-linux-mips64le-0.14.23.tgz#bb4c47fccc9493d460ffeb1f88e8a97a98a14f8b"
    integrity sha1-u0xH/MyUk9Rg/+sfiOipepihT4s=
  
  esbuild-linux-ppc64le@0.14.23:
    version "0.14.23"
    resolved "http://registry.npm.qima-inc.com/esbuild-linux-ppc64le/download/esbuild-linux-ppc64le-0.14.23.tgz#a332dbc8a1b4e30cfe1261bfaa5cef57c9c8c02a"
    integrity sha1-ozLbyKG04wz+EmG/qlzvV8nIwCo=
  
  esbuild-linux-riscv64@0.14.23:
    version "0.14.23"
    resolved "http://registry.npm.qima-inc.com/esbuild-linux-riscv64/download/esbuild-linux-riscv64-0.14.23.tgz#85675f3f931f5cd7cfb238fd82f77a62ffcb6d86"
    integrity sha1-hWdfP5MfXNfPsjj9gvd6Yv/LbYY=
  
  esbuild-linux-s390x@0.14.23:
    version "0.14.23"
    resolved "http://registry.npm.qima-inc.com/esbuild-linux-s390x/download/esbuild-linux-s390x-0.14.23.tgz#a526282a696e6d846f4c628f5315475518c0c0f0"
    integrity sha1-pSYoKmlubYRvTGKPUxVHVRjAwPA=
  
  esbuild-netbsd-64@0.14.23:
    version "0.14.23"
    resolved "http://registry.npm.qima-inc.com/esbuild-netbsd-64/download/esbuild-netbsd-64-0.14.23.tgz#8e456605694719aa1be4be266d6cd569c06dfaf5"
    integrity sha1-jkVmBWlHGaob5L4mbWzVacBt+vU=
  
  esbuild-openbsd-64@0.14.23:
    version "0.14.23"
    resolved "http://registry.npm.qima-inc.com/esbuild-openbsd-64/download/esbuild-openbsd-64-0.14.23.tgz#f2fc51714b4ddabc86e4eb30ca101dd325db2f7d"
    integrity sha1-8vxRcUtN2ryG5OswyhAd0yXbL30=
  
  esbuild-sunos-64@0.14.23:
    version "0.14.23"
    resolved "http://registry.npm.qima-inc.com/esbuild-sunos-64/download/esbuild-sunos-64-0.14.23.tgz#a408f33ea20e215909e20173a0fd78b1aaad1f8e"
    integrity sha1-pAjzPqIOIVkJ4gFzoP14saqtH44=
  
  esbuild-windows-32@0.14.23:
    version "0.14.23"
    resolved "http://registry.npm.qima-inc.com/esbuild-windows-32/download/esbuild-windows-32-0.14.23.tgz#b9005bbff54dac3975ff355d5de2b5e37165d128"
    integrity sha1-uQBbv/VNrDl1/zVdXeK143Fl0Sg=
  
  esbuild-windows-64@0.14.23:
    version "0.14.23"
    resolved "http://registry.npm.qima-inc.com/esbuild-windows-64/download/esbuild-windows-64-0.14.23.tgz#2b5a99befeaca6aefdad32d738b945730a60a060"
    integrity sha1-K1qZvv6spq79rTLXOLlFcwpgoGA=
  
  esbuild-windows-arm64@0.14.23:
    version "0.14.23"
    resolved "http://registry.npm.qima-inc.com/esbuild-windows-arm64/download/esbuild-windows-arm64-0.14.23.tgz#edc560bbadb097eb45fc235aeacb942cb94a38c0"
    integrity sha1-7cVgu62wl+tF/CNa6suULLlKOMA=
  
  esbuild@^0.14.14:
    version "0.14.23"
    resolved "http://registry.npm.qima-inc.com/esbuild/download/esbuild-0.14.23.tgz#95e842cb22bc0c7d82c140adc16788aac91469fe"
    integrity sha1-lehCyyK8DH2CwUCtwWeIqskUaf4=
    optionalDependencies:
      esbuild-android-arm64 "0.14.23"
      esbuild-darwin-64 "0.14.23"
      esbuild-darwin-arm64 "0.14.23"
      esbuild-freebsd-64 "0.14.23"
      esbuild-freebsd-arm64 "0.14.23"
      esbuild-linux-32 "0.14.23"
      esbuild-linux-64 "0.14.23"
      esbuild-linux-arm "0.14.23"
      esbuild-linux-arm64 "0.14.23"
      esbuild-linux-mips64le "0.14.23"
      esbuild-linux-ppc64le "0.14.23"
      esbuild-linux-riscv64 "0.14.23"
      esbuild-linux-s390x "0.14.23"
      esbuild-netbsd-64 "0.14.23"
      esbuild-openbsd-64 "0.14.23"
      esbuild-sunos-64 "0.14.23"
      esbuild-windows-32 "0.14.23"
      esbuild-windows-64 "0.14.23"
      esbuild-windows-arm64 "0.14.23"
  
  escape-string-regexp@^4.0.0:
    version "4.0.0"
    resolved "http://registry.npm.qima-inc.com/escape-string-regexp/download/escape-string-regexp-4.0.0.tgz#14ba83a5d373e3d311e5afca29cf5bfad965bf34"
    integrity sha1-FLqDpdNz49MR5a/KKc9b+tllvzQ=
  
  estree-walker@^2.0.1, estree-walker@^2.0.2:
    version "2.0.2"
    resolved "http://registry.npm.qima-inc.com/estree-walker/download/estree-walker-2.0.2.tgz#52f010178c2a4c117a7757cfe942adb7d2da4cac"
    integrity sha1-UvAQF4wqTBF6d1fP6UKtt9LaTKw=
  
  extract-zip@^1.0.3:
    version "1.7.0"
    resolved "http://registry.npm.qima-inc.com/extract-zip/download/extract-zip-1.7.0.tgz#556cc3ae9df7f452c493a0cfb51cc30277940927"
    integrity sha1-VWzDrp339FLEk6DPtRzDAneUCSc=
    dependencies:
      concat-stream "^1.6.2"
      debug "^2.6.9"
      mkdirp "^0.5.4"
      yauzl "^2.10.0"
  
  fast-glob@^3.2.11:
    version "3.2.11"
    resolved "http://registry.npm.qima-inc.com/fast-glob/download/fast-glob-3.2.11.tgz#a1172ad95ceb8a16e20caa5c5e56480e5129c1d9"
    integrity sha1-oRcq2VzrihbiDKpcXlZIDlEpwdk=
    dependencies:
      "@nodelib/fs.stat" "^2.0.2"
      "@nodelib/fs.walk" "^1.2.3"
      glob-parent "^5.1.2"
      merge2 "^1.3.0"
      micromatch "^4.0.4"
  
  fastq@^1.6.0:
    version "1.13.0"
    resolved "http://registry.npm.qima-inc.com/fastq/download/fastq-1.13.0.tgz#616760f88a7526bdfc596b7cab8c18938c36b98c"
    integrity sha1-YWdg+Ip1Jr38WWt8q4wYk4w2uYw=
    dependencies:
      reusify "^1.0.4"
  
  fd-slicer@~1.1.0:
    version "1.1.0"
    resolved "http://registry.npm.qima-inc.com/fd-slicer/download/fd-slicer-1.1.0.tgz#25c7c89cb1f9077f8891bbe61d8f390eae256f1e"
    integrity sha1-JcfInLH5B3+IkbvmHY85Dq4lbx4=
    dependencies:
      pend "~1.2.0"
  
  fill-range@^7.0.1:
    version "7.0.1"
    resolved "http://registry.npm.qima-inc.com/fill-range/download/fill-range-7.0.1.tgz#1919a6a7c75fe38b2c7c77e5198535da9acdda40"
    integrity sha1-GRmmp8df44ssfHflGYU12prN2kA=
    dependencies:
      to-regex-range "^5.0.1"
  
  fs-extra@^8.1.0:
    version "8.1.0"
    resolved "http://registry.npm.qima-inc.com/fs-extra/download/fs-extra-8.1.0.tgz#49d43c45a88cd9677668cb7be1b46efdb8d2e1c0"
    integrity sha1-SdQ8RaiM2Wd2aMt74bRu/bjS4cA=
    dependencies:
      graceful-fs "^4.2.0"
      jsonfile "^4.0.0"
      universalify "^0.1.0"
  
  fsevents@~2.3.2:
    version "2.3.2"
    resolved "http://registry.npm.qima-inc.com/fsevents/download/fsevents-2.3.2.tgz#8a526f78b8fdf4623b709e0b975c52c24c02fd1a"
    integrity sha1-ilJveLj99GI7cJ4Ll1xSwkwC/Ro=
  
  function-bind@^1.1.1:
    version "1.1.1"
    resolved "http://registry.npm.qima-inc.com/function-bind/download/function-bind-1.1.1.tgz#a56899d3ea3c9bab874bb9773b7c5ede92f4895d"
    integrity sha1-pWiZ0+o8m6uHS7l3O3xe3pL0iV0=
  
  get-intrinsic@^1.0.2:
    version "1.1.1"
    resolved "http://registry.npm.qima-inc.com/get-intrinsic/download/get-intrinsic-1.1.1.tgz#15f59f376f855c446963948f0d24cd3637b4abc6"
    integrity sha1-FfWfN2+FXERpY5SPDSTNNje0q8Y=
    dependencies:
      function-bind "^1.1.1"
      has "^1.0.3"
      has-symbols "^1.0.1"
  
  get-stream@^4.1.0:
    version "4.1.0"
    resolved "http://registry.npm.qima-inc.com/get-stream/download/get-stream-4.1.0.tgz#c1b255575f3dc21d59bfc79cd3d2b46b1c3a54b5"
    integrity sha1-wbJVV189wh1Zv8ec09K0axw6VLU=
    dependencies:
      pump "^3.0.0"
  
  get-stream@^5.1.0:
    version "5.2.0"
    resolved "http://registry.npm.qima-inc.com/get-stream/download/get-stream-5.2.0.tgz#4966a1795ee5ace65e706c4b7beb71257d6e22d3"
    integrity sha1-SWaheV7lrOZecGxLe+txJX1uItM=
    dependencies:
      pump "^3.0.0"
  
  glob-parent@^5.1.2, glob-parent@~5.1.2:
    version "5.1.2"
    resolved "http://registry.npm.qima-inc.com/glob-parent/download/glob-parent-5.1.2.tgz#869832c58034fe68a4093c17dc15e8340d8401c4"
    integrity sha1-hpgyxYA0/mikCTwX3BXoNA2EAcQ=
    dependencies:
      is-glob "^4.0.1"
  
  global-agent@^3.0.0:
    version "3.0.0"
    resolved "http://registry.npm.qima-inc.com/global-agent/download/global-agent-3.0.0.tgz#ae7cd31bd3583b93c5a16437a1afe27cc33a1ab6"
    integrity sha1-rnzTG9NYO5PFoWQ3oa/ifMM6GrY=
    dependencies:
      boolean "^3.0.1"
      es6-error "^4.1.1"
      matcher "^3.0.0"
      roarr "^2.15.3"
      semver "^7.3.2"
      serialize-error "^7.0.1"
  
  global-tunnel-ng@^2.7.1:
    version "2.7.1"
    resolved "http://registry.npm.qima-inc.com/global-tunnel-ng/download/global-tunnel-ng-2.7.1.tgz#d03b5102dfde3a69914f5ee7d86761ca35d57d8f"
    integrity sha1-0DtRAt/eOmmRT17n2GdhyjXVfY8=
    dependencies:
      encodeurl "^1.0.2"
      lodash "^4.17.10"
      npm-conf "^1.1.3"
      tunnel "^0.0.6"
  
  globalthis@^1.0.1:
    version "1.0.2"
    resolved "http://registry.npm.qima-inc.com/globalthis/download/globalthis-1.0.2.tgz#2a235d34f4d8036219f7e34929b5de9e18166b8b"
    integrity sha1-KiNdNPTYA2IZ9+NJKbXenhgWa4s=
    dependencies:
      define-properties "^1.1.3"
  
  got@^9.6.0:
    version "9.6.0"
    resolved "http://registry.npm.qima-inc.com/got/download/got-9.6.0.tgz#edf45e7d67f99545705de1f7bbeeeb121765ed85"
    integrity sha1-7fRefWf5lUVwXeH3u+7rEhdl7YU=
    dependencies:
      "@sindresorhus/is" "^0.14.0"
      "@szmarczak/http-timer" "^1.1.2"
      cacheable-request "^6.0.0"
      decompress-response "^3.3.0"
      duplexer3 "^0.1.4"
      get-stream "^4.1.0"
      lowercase-keys "^1.0.1"
      mimic-response "^1.0.1"
      p-cancelable "^1.0.0"
      to-readable-stream "^1.0.0"
      url-parse-lax "^3.0.0"
  
  graceful-fs@^4.1.2, graceful-fs@^4.1.6, graceful-fs@^4.2.0:
    version "4.2.9"
    resolved "http://registry.npm.qima-inc.com/graceful-fs/download/graceful-fs-4.2.9.tgz#041b05df45755e587a24942279b9d113146e1c96"
    integrity sha1-BBsF30V1Xlh6JJQiebnRExRuHJY=
  
  has-symbols@^1.0.1, has-symbols@^1.0.2:
    version "1.0.2"
    resolved "http://registry.npm.qima-inc.com/has-symbols/download/has-symbols-1.0.2.tgz#165d3070c00309752a1236a479331e3ac56f1423"
    integrity sha1-Fl0wcMADCXUqEjakeTMeOsVvFCM=
  
  has-tostringtag@^1.0.0:
    version "1.0.0"
    resolved "http://registry.npm.qima-inc.com/has-tostringtag/download/has-tostringtag-1.0.0.tgz#7e133818a7d394734f941e73c3d3f9291e658b25"
    integrity sha1-fhM4GKfTlHNPlB5zw9P5KR5liyU=
    dependencies:
      has-symbols "^1.0.2"
  
  has@^1.0.3:
    version "1.0.3"
    resolved "http://registry.npm.qima-inc.com/has/download/has-1.0.3.tgz#722d7cbfc1f6aa8241f16dd814e011e1f41e8796"
    integrity sha1-ci18v8H2qoJB8W3YFOAR4fQeh5Y=
    dependencies:
      function-bind "^1.1.1"
  
  htmlparser2@^7.1.2:
    version "7.2.0"
    resolved "http://registry.npm.qima-inc.com/htmlparser2/download/htmlparser2-7.2.0.tgz#8817cdea38bbc324392a90b1990908e81a65f5a5"
    integrity sha1-iBfN6ji7wyQ5KpCxmQkI6Bpl9aU=
    dependencies:
      domelementtype "^2.0.1"
      domhandler "^4.2.2"
      domutils "^2.8.0"
      entities "^3.0.1"
  
  http-cache-semantics@^4.0.0:
    version "4.1.0"
    resolved "http://registry.npm.qima-inc.com/http-cache-semantics/download/http-cache-semantics-4.1.0.tgz#49e91c5cbf36c9b94bcfcd71c23d5249ec74e390"
    integrity sha1-SekcXL82yblLz81xwj1SSex045A=
  
  iconv-lite@^0.4.4:
    version "0.4.24"
    resolved "http://registry.npm.qima-inc.com/iconv-lite/download/iconv-lite-0.4.24.tgz#2022b4b25fbddc21d2f524974a474aafe733908b"
    integrity sha1-ICK0sl+93CHS9SSXSkdKr+czkIs=
    dependencies:
      safer-buffer ">= 2.1.2 < 3"
  
  image-size@~0.5.0:
    version "0.5.5"
    resolved "http://registry.npm.qima-inc.com/image-size/download/image-size-0.5.5.tgz#09dfd4ab9d20e29eb1c3e80b8990378df9e3cb9c"
    integrity sha1-Cd/Uq50g4p6xw+gLiZA3jfnjy5w=
  
  inherits@^2.0.3, inherits@~2.0.3:
    version "2.0.4"
    resolved "http://registry.npm.qima-inc.com/inherits/download/inherits-2.0.4.tgz#0fa2c64f932917c3433a0ded55363aae37416b7c"
    integrity sha1-D6LGT5MpF8NDOg3tVTY6rjdBa3w=
  
  ini@^1.3.4:
    version "1.3.8"
    resolved "http://registry.npm.qima-inc.com/ini/download/ini-1.3.8.tgz#a29da425b48806f34767a4efce397269af28432c"
    integrity sha1-op2kJbSIBvNHZ6Tvzjlyaa8oQyw=
  
  is-arrayish@^0.3.1:
    version "0.3.2"
    resolved "http://registry.npm.qima-inc.com/is-arrayish/download/is-arrayish-0.3.2.tgz#4574a2ae56f7ab206896fb431eaeed066fdf8f03"
    integrity sha1-RXSirlb3qyBolvtDHq7tBm/fjwM=
  
  is-binary-path@~2.1.0:
    version "2.1.0"
    resolved "http://registry.npm.qima-inc.com/is-binary-path/download/is-binary-path-2.1.0.tgz#ea1f7f3b80f064236e83470f86c09c254fb45b09"
    integrity sha1-6h9/O4DwZCNug0cPhsCcJU+0Wwk=
    dependencies:
      binary-extensions "^2.0.0"
  
  is-core-module@^2.8.1:
    version "2.8.1"
    resolved "http://registry.npm.qima-inc.com/is-core-module/download/is-core-module-2.8.1.tgz#f59fdfca701d5879d0a6b100a40aa1560ce27211"
    integrity sha1-9Z/fynAdWHnQprEApAqhVgzichE=
    dependencies:
      has "^1.0.3"
  
  is-expression@^4.0.0:
    version "4.0.0"
    resolved "http://registry.npm.qima-inc.com/is-expression/download/is-expression-4.0.0.tgz#c33155962abf21d0afd2552514d67d2ec16fd2ab"
    integrity sha1-wzFVliq/IdCv0lUlFNZ9LsFv0qs=
    dependencies:
      acorn "^7.1.1"
      object-assign "^4.1.1"
  
  is-extglob@^2.1.1:
    version "2.1.1"
    resolved "http://registry.npm.qima-inc.com/is-extglob/download/is-extglob-2.1.1.tgz#a88c02535791f02ed37c76a1b9ea9773c833f8c2"
    integrity sha1-qIwCU1eR8C7TfHahueqXc8gz+MI=
  
  is-glob@^4.0.1, is-glob@~4.0.1:
    version "4.0.3"
    resolved "http://registry.npm.qima-inc.com/is-glob/download/is-glob-4.0.3.tgz#64f61e42cbbb2eec2071a9dac0b28ba1e65d5084"
    integrity sha1-ZPYeQsu7LuwgcanawLKLoeZdUIQ=
    dependencies:
      is-extglob "^2.1.1"
  
  is-number@^7.0.0:
    version "7.0.0"
    resolved "http://registry.npm.qima-inc.com/is-number/download/is-number-7.0.0.tgz#7535345b896734d5f80c4d06c50955527a14f12b"
    integrity sha1-dTU0W4lnNNX4DE0GxQlVUnoU8Ss=
  
  is-plain-object@3.0.1:
    version "3.0.1"
    resolved "http://registry.npm.qima-inc.com/is-plain-object/download/is-plain-object-3.0.1.tgz#662d92d24c0aa4302407b0d45d21f2251c85f85b"
    integrity sha1-Zi2S0kwKpDAkB7DUXSHyJRyF+Fs=
  
  is-promise@^2.0.0:
    version "2.2.2"
    resolved "http://registry.npm.qima-inc.com/is-promise/download/is-promise-2.2.2.tgz#39ab959ccbf9a774cf079f7b40c7a26f763135f1"
    integrity sha1-OauVnMv5p3TPB597QMeib3YxNfE=
  
  is-regex@^1.0.3:
    version "1.1.4"
    resolved "http://registry.npm.qima-inc.com/is-regex/download/is-regex-1.1.4.tgz#eef5663cd59fa4c0ae339505323df6854bb15958"
    integrity sha1-7vVmPNWfpMCuM5UFMj32hUuxWVg=
    dependencies:
      call-bind "^1.0.2"
      has-tostringtag "^1.0.0"
  
  is-what@^3.14.1:
    version "3.14.1"
    resolved "http://registry.npm.qima-inc.com/is-what/download/is-what-3.14.1.tgz#e1222f46ddda85dead0fd1c9df131760e77755c1"
    integrity sha1-4SIvRt3ahd6tD9HJ3xMXYOd3VcE=
  
  isarray@~1.0.0:
    version "1.0.0"
    resolved "http://registry.npm.qima-inc.com/isarray/download/isarray-1.0.0.tgz#bb935d48582cba168c06834957a54a3e07124f11"
    integrity sha1-u5NdSFgsuhaMBoNJV6VKPgcSTxE=
  
  js-stringify@^1.0.2:
    version "1.0.2"
    resolved "http://registry.npm.qima-inc.com/js-stringify/download/js-stringify-1.0.2.tgz#1736fddfd9724f28a3682adc6230ae7e4e9679db"
    integrity sha1-Fzb939lyTyijaCrcYjCufk6Weds=
  
  "js-tokens@^3.0.0 || ^4.0.0":
    version "4.0.0"
    resolved "http://registry.npm.qima-inc.com/js-tokens/download/js-tokens-4.0.0.tgz#19203fb59991df98e3a287050d4647cdeaf32499"
    integrity sha1-GSA/tZmR35jjoocFDUZHzerzJJk=
  
  json-buffer@3.0.0:
    version "3.0.0"
    resolved "http://registry.npm.qima-inc.com/json-buffer/download/json-buffer-3.0.0.tgz#5b1f397afc75d677bde8bcfc0e47e1f9a3d9a898"
    integrity sha1-Wx85evx11ne96Lz8Dkfh+aPZqJg=
  
  json-stringify-safe@^5.0.1:
    version "5.0.1"
    resolved "http://registry.npm.qima-inc.com/json-stringify-safe/download/json-stringify-safe-5.0.1.tgz#1296a2d58fd45f19a0f6ce01d65701e2c735b6eb"
    integrity sha1-Epai1Y/UXxmg9s4B1lcB4sc1tus=
  
  jsonc-parser@^2.3.0:
    version "2.3.1"
    resolved "http://registry.npm.qima-inc.com/jsonc-parser/download/jsonc-parser-2.3.1.tgz#59549150b133f2efacca48fe9ce1ec0659af2342"
    integrity sha1-WVSRULEz8u+sykj+nOHsBlmvI0I=
  
  jsonc-parser@^3.0.0:
    version "3.0.0"
    resolved "http://registry.npm.qima-inc.com/jsonc-parser/download/jsonc-parser-3.0.0.tgz#abdd785701c7e7eaca8a9ec8cf070ca51a745a22"
    integrity sha1-q914VwHH5+rKip7IzwcMpRp0WiI=
  
  jsonfile@^4.0.0:
    version "4.0.0"
    resolved "http://registry.npm.qima-inc.com/jsonfile/download/jsonfile-4.0.0.tgz#8771aae0799b64076b76640fca058f9c10e33ecb"
    integrity sha1-h3Gq4HmbZAdrdmQPygWPnBDjPss=
    optionalDependencies:
      graceful-fs "^4.1.6"
  
  jstransformer@1.0.0:
    version "1.0.0"
    resolved "http://registry.npm.qima-inc.com/jstransformer/download/jstransformer-1.0.0.tgz#ed8bf0921e2f3f1ed4d5c1a44f68709ed24722c3"
    integrity sha1-7Yvwkh4vPx7U1cGkT2hwntJHIsM=
    dependencies:
      is-promise "^2.0.0"
      promise "^7.0.1"
  
  keyv@^3.0.0:
    version "3.1.0"
    resolved "http://registry.npm.qima-inc.com/keyv/download/keyv-3.1.0.tgz#ecc228486f69991e49e9476485a5be1e8fc5c4d9"
    integrity sha1-7MIoSG9pmR5J6UdkhaW+Ho/FxNk=
    dependencies:
      json-buffer "3.0.0"
  
  less@^4.1.2:
    version "4.1.2"
    resolved "http://registry.npm.qima-inc.com/less/download/less-4.1.2.tgz#6099ee584999750c2624b65f80145f8674e4b4b0"
    integrity sha1-YJnuWEmZdQwmJLZfgBRfhnTktLA=
    dependencies:
      copy-anything "^2.0.1"
      parse-node-version "^1.0.1"
      tslib "^2.3.0"
    optionalDependencies:
      errno "^0.1.1"
      graceful-fs "^4.1.2"
      image-size "~0.5.0"
      make-dir "^2.1.0"
      mime "^1.4.1"
      needle "^2.5.2"
      source-map "~0.6.0"
  
  local-pkg@^0.4.1:
    version "0.4.1"
    resolved "http://registry.npm.qima-inc.com/local-pkg/download/local-pkg-0.4.1.tgz#e7b0d7aa0b9c498a1110a5ac5b00ba66ef38cfff"
    integrity sha1-57DXqgucSYoREKWsWwC6Zu84z/8=
  
  lodash-es@^4.17.15:
    version "4.17.21"
    resolved "http://registry.npm.qima-inc.com/lodash-es/download/lodash-es-4.17.21.tgz#43e626c46e6591b7750beb2b50117390c609e3ee"
    integrity sha1-Q+YmxG5lkbd1C+srUBFzkMYJ4+4=
  
  lodash.isequal@^4.5.0:
    version "4.5.0"
    resolved "http://registry.npm.qima-inc.com/lodash.isequal/download/lodash.isequal-4.5.0.tgz#415c4478f2bcc30120c22ce10ed3226f7d3e18e0"
    integrity sha1-QVxEePK8wwEgwizhDtMib30+GOA=
  
  lodash@^4.17.10, lodash@^4.17.15, lodash@^4.17.21:
    version "4.17.21"
    resolved "http://registry.npm.qima-inc.com/lodash/download/lodash-4.17.21.tgz#679591c564c3bffaae8454cf0b3df370c3d6911c"
    integrity sha1-Z5WRxWTDv/quhFTPCz3zcMPWkRw=
  
  loose-envify@^1.0.0:
    version "1.4.0"
    resolved "http://registry.npm.qima-inc.com/loose-envify/download/loose-envify-1.4.0.tgz#71ee51fa7be4caec1a63839f7e682d8132d30caf"
    integrity sha1-ce5R+nvkyuwaY4OffmgtgTLTDK8=
    dependencies:
      js-tokens "^3.0.0 || ^4.0.0"
  
  lowercase-keys@^1.0.0, lowercase-keys@^1.0.1:
    version "1.0.1"
    resolved "http://registry.npm.qima-inc.com/lowercase-keys/download/lowercase-keys-1.0.1.tgz#6f9e30b47084d971a7c820ff15a6c5167b74c26f"
    integrity sha1-b54wtHCE2XGnyCD/FabFFnt0wm8=
  
  lowercase-keys@^2.0.0:
    version "2.0.0"
    resolved "http://registry.npm.qima-inc.com/lowercase-keys/download/lowercase-keys-2.0.0.tgz#2603e78b7b4b0006cbca2fbcc8a3202558ac9479"
    integrity sha1-JgPni3tLAAbLyi+8yKMgJVislHk=
  
  lru-cache@^6.0.0:
    version "6.0.0"
    resolved "http://registry.npm.qima-inc.com/lru-cache/download/lru-cache-6.0.0.tgz#6d6fe6570ebd96aaf90fcad1dafa3b2566db3a94"
    integrity sha1-bW/mVw69lqr5D8rR2vo7JWbbOpQ=
    dependencies:
      yallist "^4.0.0"
  
  magic-string@^0.25.7:
    version "0.25.7"
    resolved "http://registry.npm.qima-inc.com/magic-string/download/magic-string-0.25.7.tgz#3f497d6fd34c669c6798dcb821f2ef31f5445051"
    integrity sha1-P0l9b9NMZpxnmNy4IfLvMfVEUFE=
    dependencies:
      sourcemap-codec "^1.4.4"
  
  make-dir@^2.1.0:
    version "2.1.0"
    resolved "http://registry.npm.qima-inc.com/make-dir/download/make-dir-2.1.0.tgz#5f0310e18b8be898cc07009295a30ae41e91e6f5"
    integrity sha1-XwMQ4YuL6JjMBwCSlaMK5B6R5vU=
    dependencies:
      pify "^4.0.1"
      semver "^5.6.0"
  
  matcher@^3.0.0:
    version "3.0.0"
    resolved "http://registry.npm.qima-inc.com/matcher/download/matcher-3.0.0.tgz#bd9060f4c5b70aa8041ccc6f80368760994f30ca"
    integrity sha1-vZBg9MW3CqgEHMxvgDaHYJlPMMo=
    dependencies:
      escape-string-regexp "^4.0.0"
  
  merge2@^1.3.0:
    version "1.4.1"
    resolved "http://registry.npm.qima-inc.com/merge2/download/merge2-1.4.1.tgz#4368892f885e907455a6fd7dc55c0c9d404990ae"
    integrity sha1-Q2iJL4hekHRVpv19xVwMnUBJkK4=
  
  micromatch@^4.0.4:
    version "4.0.4"
    resolved "http://registry.npm.qima-inc.com/micromatch/download/micromatch-4.0.4.tgz#896d519dfe9db25fce94ceb7a500919bf881ebf9"
    integrity sha1-iW1Rnf6dsl/OlM63pQCRm/iB6/k=
    dependencies:
      braces "^3.0.1"
      picomatch "^2.2.3"
  
  mime@^1.4.1:
    version "1.6.0"
    resolved "http://registry.npm.qima-inc.com/mime/download/mime-1.6.0.tgz#32cd9e5c64553bd58d19a568af452acff04981b1"
    integrity sha1-Ms2eXGRVO9WNGaVor0Uqz/BJgbE=
  
  mimic-response@^1.0.0, mimic-response@^1.0.1:
    version "1.0.1"
    resolved "http://registry.npm.qima-inc.com/mimic-response/download/mimic-response-1.0.1.tgz#4923538878eef42063cb8a3e3b0798781487ab1b"
    integrity sha1-SSNTiHju9CBjy4o+OweYeBSHqxs=
  
  minimatch@^3.0.4:
    version "3.1.2"
    resolved "http://registry.npm.qima-inc.com/minimatch/download/minimatch-3.1.2.tgz#19cd194bfd3e428f049a70817c038d89ab4be35b"
    integrity sha1-Gc0ZS/0+Qo8EmnCBfAONiatL41s=
    dependencies:
      brace-expansion "^1.1.7"
  
  minimist@^1.2.5:
    version "1.2.5"
    resolved "http://registry.npm.qima-inc.com/minimist/download/minimist-1.2.5.tgz#67d66014b66a6a8aaa0c083c5fd58df4e4e97602"
    integrity sha1-Z9ZgFLZqaoqqDAg8X9WN9OTpdgI=
  
  mkdirp@^0.5.4:
    version "0.5.5"
    resolved "http://registry.npm.qima-inc.com/mkdirp/download/mkdirp-0.5.5.tgz#d91cefd62d1436ca0f41620e251288d420099def"
    integrity sha1-2Rzv1i0UNsoPQWIOJRKI1CAJne8=
    dependencies:
      minimist "^1.2.5"
  
  moment@^2.27.0:
    version "2.29.1"
    resolved "http://registry.npm.qima-inc.com/moment/download/moment-2.29.1.tgz#b2be769fa31940be9eeea6469c075e35006fa3d3"
    integrity sha1-sr52n6MZQL6e7qZGnAdeNQBvo9M=
  
  ms@2.0.0:
    version "2.0.0"
    resolved "http://registry.npm.qima-inc.com/ms/download/ms-2.0.0.tgz#5608aeadfc00be6c2901df5f9861788de0d597c8"
    integrity sha1-VgiurfwAvmwpAd9fmGF4jeDVl8g=
  
  ms@2.1.2:
    version "2.1.2"
    resolved "http://registry.npm.qima-inc.com/ms/download/ms-2.1.2.tgz#d09d1f357b443f493382a8eb3ccd183872ae6009"
    integrity sha1-0J0fNXtEP0kzgqjrPM0YOHKuYAk=
  
  ms@^2.1.1:
    version "2.1.3"
    resolved "http://registry.npm.qima-inc.com/ms/download/ms-2.1.3.tgz#574c8138ce1d2b5861f0b44579dbadd60c6615b2"
    integrity sha1-V0yBOM4dK1hh8LRFedut1gxmFbI=
  
  nanoid@^3.2.0:
    version "3.3.1"
    resolved "http://registry.npm.qima-inc.com/nanoid/download/nanoid-3.3.1.tgz#6347a18cac88af88f58af0b3594b723d5e99bb35"
    integrity sha1-Y0ehjKyIr4j1ivCzWUtyPV6ZuzU=
  
  nanopop@^2.1.0:
    version "2.1.0"
    resolved "http://registry.npm.qima-inc.com/nanopop/download/nanopop-2.1.0.tgz#23476513cee2405888afd2e8a4b54066b70b9e60"
    integrity sha1-I0dlE87iQFiIr9LopLVAZrcLnmA=
  
  needle@^2.5.2:
    version "2.9.1"
    resolved "http://registry.npm.qima-inc.com/needle/download/needle-2.9.1.tgz#22d1dffbe3490c2b83e301f7709b6736cd8f2684"
    integrity sha1-ItHf++NJDCuD4wH3cJtnNs2PJoQ=
    dependencies:
      debug "^3.2.6"
      iconv-lite "^0.4.4"
      sax "^1.2.4"
  
  normalize-path@^3.0.0, normalize-path@~3.0.0:
    version "3.0.0"
    resolved "http://registry.npm.qima-inc.com/normalize-path/download/normalize-path-3.0.0.tgz#0dcd69ff23a1c9b11fd0978316644a0388216a65"
    integrity sha1-Dc1p/yOhybEf0JeDFmRKA4ghamU=
  
  normalize-url@^4.1.0:
    version "4.5.1"
    resolved "http://registry.npm.qima-inc.com/normalize-url/download/normalize-url-4.5.1.tgz#0dd90cf1288ee1d1313b87081c9a5932ee48518a"
    integrity sha1-DdkM8SiO4dExO4cIHJpZMu5IUYo=
  
  npm-conf@^1.1.3:
    version "1.1.3"
    resolved "http://registry.npm.qima-inc.com/npm-conf/download/npm-conf-1.1.3.tgz#256cc47bd0e218c259c4e9550bf413bc2192aff9"
    integrity sha1-JWzEe9DiGMJZxOlVC/QTvCGSr/k=
    dependencies:
      config-chain "^1.1.11"
      pify "^3.0.0"
  
  number-precision@^1.5.0:
    version "1.5.1"
    resolved "http://registry.npm.qima-inc.com/number-precision/download/number-precision-1.5.1.tgz#ea343990409d873464074353fcb30ac105a90e61"
    integrity sha1-6jQ5kECdhzRkB0NT/LMKwQWpDmE=
  
  object-assign@^4.1.1:
    version "4.1.1"
    resolved "http://registry.npm.qima-inc.com/object-assign/download/object-assign-4.1.1.tgz#2109adc7965887cfc05cbbd442cac8bfbb360863"
    integrity sha1-IQmtx5ZYh8/AXLvUQsrIv7s2CGM=
  
  object-keys@^1.0.12:
    version "1.1.1"
    resolved "http://registry.npm.qima-inc.com/object-keys/download/object-keys-1.1.1.tgz#1c47f272df277f3b1daf061677d9c82e2322c60e"
    integrity sha1-HEfyct8nfzsdrwYWd9nILiMixg4=
  
  omit.js@^2.0.0:
    version "2.0.2"
    resolved "http://registry.npm.qima-inc.com/omit.js/download/omit.js-2.0.2.tgz#dd9b8436fab947a5f3ff214cb2538631e313ec2f"
    integrity sha1-3ZuENvq5R6Xz/yFMslOGMeMT7C8=
  
  once@^1.3.1, once@^1.4.0:
    version "1.4.0"
    resolved "http://registry.npm.qima-inc.com/once/download/once-1.4.0.tgz#583b1aa775961d4b113ac17d9c50baef9dd76bd1"
    integrity sha1-WDsap3WWHUsROsF9nFC6753Xa9E=
    dependencies:
      wrappy "1"
  
  p-cancelable@^1.0.0:
    version "1.1.0"
    resolved "http://registry.npm.qima-inc.com/p-cancelable/download/p-cancelable-1.1.0.tgz#d078d15a3af409220c886f1d9a0ca2e441ab26cc"
    integrity sha1-0HjRWjr0CSIMiG8dmgyi5EGrJsw=
  
  parse-node-version@^1.0.1:
    version "1.0.1"
    resolved "http://registry.npm.qima-inc.com/parse-node-version/download/parse-node-version-1.0.1.tgz#e2b5dbede00e7fa9bc363607f53327e8b073189b"
    integrity sha1-4rXb7eAOf6m8NjYH9TMn6LBzGJs=
  
  path-parse@^1.0.7:
    version "1.0.7"
    resolved "http://registry.npm.qima-inc.com/path-parse/download/path-parse-1.0.7.tgz#fbc114b60ca42b30d9daf5858e4bd68bbedb6735"
    integrity sha1-+8EUtgykKzDZ2vWFjkvWi77bZzU=
  
  pend@~1.2.0:
    version "1.2.0"
    resolved "http://registry.npm.qima-inc.com/pend/download/pend-1.2.0.tgz#7a57eb550a6783f9115331fcf4663d5c8e007a50"
    integrity sha1-elfrVQpng/kRUzH89GY9XI4AelA=
  
  picocolors@^1.0.0:
    version "1.0.0"
    resolved "http://registry.npm.qima-inc.com/picocolors/download/picocolors-1.0.0.tgz#cb5bdc74ff3f51892236eaf79d68bc44564ab81c"
    integrity sha1-y1vcdP8/UYkiNur3nWi8RFZKuBw=
  
  picomatch@^2.0.4, picomatch@^2.2.1, picomatch@^2.2.2, picomatch@^2.2.3:
    version "2.3.1"
    resolved "http://registry.npm.qima-inc.com/picomatch/download/picomatch-2.3.1.tgz#3ba3833733646d9d3e4995946c1365a67fb07a42"
    integrity sha1-O6ODNzNkbZ0+SZWUbBNlpn+wekI=
  
  pify@^3.0.0:
    version "3.0.0"
    resolved "http://registry.npm.qima-inc.com/pify/download/pify-3.0.0.tgz#e5a4acd2c101fdf3d9a4d07f0dbc4db49dd28176"
    integrity sha1-5aSs0sEB/fPZpNB/DbxNtJ3SgXY=
  
  pify@^4.0.1:
    version "4.0.1"
    resolved "http://registry.npm.qima-inc.com/pify/download/pify-4.0.1.tgz#4b2cd25c50d598735c50292224fd8c6df41e3231"
    integrity sha1-SyzSXFDVmHNcUCkiJP2MbfQeMjE=
  
  pinia@^2.0.10:
    version "2.0.10"
    resolved "http://registry.npm.qima-inc.com/pinia/download/pinia-2.0.10.tgz#66ae65e10d9062d110cb8ce47aedf491b4b131ef"
    integrity sha1-Zq5l4Q2QYtEQy4zkeu30kbSxMe8=
    dependencies:
      "@vue/devtools-api" "^6.0.0-beta.21"
      vue-demi "*"
  
  postcss@^8.1.10, postcss@^8.4.6:
    version "8.4.6"
    resolved "http://registry.npm.qima-inc.com/postcss/download/postcss-8.4.6.tgz#c5ff3c3c457a23864f32cb45ac9b741498a09ae1"
    integrity sha1-xf88PEV6I4ZPMstFrJt0FJigmuE=
    dependencies:
      nanoid "^3.2.0"
      picocolors "^1.0.0"
      source-map-js "^1.0.2"
  
  prepend-http@^2.0.0:
    version "2.0.0"
    resolved "http://registry.npm.qima-inc.com/prepend-http/download/prepend-http-2.0.0.tgz#e92434bfa5ea8c19f41cdfd401d741a3c819d897"
    integrity sha1-6SQ0v6XqjBn0HN/UAddBo8gZ2Jc=
  
  process-nextick-args@~2.0.0:
    version "2.0.1"
    resolved "http://registry.npm.qima-inc.com/process-nextick-args/download/process-nextick-args-2.0.1.tgz#7820d9b16120cc55ca9ae7792680ae7dba6d7fe2"
    integrity sha1-eCDZsWEgzFXKmud5JoCufbptf+I=
  
  progress@^2.0.3:
    version "2.0.3"
    resolved "http://registry.npm.qima-inc.com/progress/download/progress-2.0.3.tgz#7e8cf8d8f5b8f239c1bc68beb4eb78567d572ef8"
    integrity sha1-foz42PW48jnBvGi+tOt4Vn1XLvg=
  
  promise@^7.0.1:
    version "7.3.1"
    resolved "http://registry.npm.qima-inc.com/promise/download/promise-7.3.1.tgz#064b72602b18f90f29192b8b1bc418ffd1ebd3bf"
    integrity sha1-BktyYCsY+Q8pGSuLG8QY/9Hr078=
    dependencies:
      asap "~2.0.3"
  
  proto-list@~1.2.1:
    version "1.2.4"
    resolved "http://registry.npm.qima-inc.com/proto-list/download/proto-list-1.2.4.tgz#212d5bfe1318306a420f6402b8e26ff39647a849"
    integrity sha1-IS1b/hMYMGpCD2QCuOJv85ZHqEk=
  
  prr@~1.0.1:
    version "1.0.1"
    resolved "http://registry.npm.qima-inc.com/prr/download/prr-1.0.1.tgz#d3fc114ba06995a45ec6893f484ceb1d78f5f476"
    integrity sha1-0/wRS6BplaRexok/SEzrHXj19HY=
  
  pug-attrs@^3.0.0:
    version "3.0.0"
    resolved "http://registry.npm.qima-inc.com/pug-attrs/download/pug-attrs-3.0.0.tgz#b10451e0348165e31fad1cc23ebddd9dc7347c41"
    integrity sha1-sQRR4DSBZeMfrRzCPr3dncc0fEE=
    dependencies:
      constantinople "^4.0.1"
      js-stringify "^1.0.2"
      pug-runtime "^3.0.0"
  
  pug-code-gen@^3.0.2:
    version "3.0.2"
    resolved "http://registry.npm.qima-inc.com/pug-code-gen/download/pug-code-gen-3.0.2.tgz#ad190f4943133bf186b60b80de483100e132e2ce"
    integrity sha1-rRkPSUMTO/GGtguA3kgxAOEy4s4=
    dependencies:
      constantinople "^4.0.1"
      doctypes "^1.1.0"
      js-stringify "^1.0.2"
      pug-attrs "^3.0.0"
      pug-error "^2.0.0"
      pug-runtime "^3.0.0"
      void-elements "^3.1.0"
      with "^7.0.0"
  
  pug-error@^2.0.0:
    version "2.0.0"
    resolved "http://registry.npm.qima-inc.com/pug-error/download/pug-error-2.0.0.tgz#5c62173cb09c34de2a2ce04f17b8adfec74d8ca5"
    integrity sha1-XGIXPLCcNN4qLOBPF7it/sdNjKU=
  
  pug-filters@^4.0.0:
    version "4.0.0"
    resolved "http://registry.npm.qima-inc.com/pug-filters/download/pug-filters-4.0.0.tgz#d3e49af5ba8472e9b7a66d980e707ce9d2cc9b5e"
    integrity sha1-0+Sa9bqEcum3pm2YDnB86dLMm14=
    dependencies:
      constantinople "^4.0.1"
      jstransformer "1.0.0"
      pug-error "^2.0.0"
      pug-walk "^2.0.0"
      resolve "^1.15.1"
  
  pug-lexer@^5.0.1:
    version "5.0.1"
    resolved "http://registry.npm.qima-inc.com/pug-lexer/download/pug-lexer-5.0.1.tgz#ae44628c5bef9b190b665683b288ca9024b8b0d5"
    integrity sha1-rkRijFvvmxkLZlaDsojKkCS4sNU=
    dependencies:
      character-parser "^2.2.0"
      is-expression "^4.0.0"
      pug-error "^2.0.0"
  
  pug-linker@^4.0.0:
    version "4.0.0"
    resolved "http://registry.npm.qima-inc.com/pug-linker/download/pug-linker-4.0.0.tgz#12cbc0594fc5a3e06b9fc59e6f93c146962a7708"
    integrity sha1-EsvAWU/Fo+Brn8Web5PBRpYqdwg=
    dependencies:
      pug-error "^2.0.0"
      pug-walk "^2.0.0"
  
  pug-load@^3.0.0:
    version "3.0.0"
    resolved "http://registry.npm.qima-inc.com/pug-load/download/pug-load-3.0.0.tgz#9fd9cda52202b08adb11d25681fb9f34bd41b662"
    integrity sha1-n9nNpSICsIrbEdJWgfufNL1BtmI=
    dependencies:
      object-assign "^4.1.1"
      pug-walk "^2.0.0"
  
  pug-parser@^6.0.0:
    version "6.0.0"
    resolved "http://registry.npm.qima-inc.com/pug-parser/download/pug-parser-6.0.0.tgz#a8fdc035863a95b2c1dc5ebf4ecf80b4e76a1260"
    integrity sha1-qP3ANYY6lbLB3F6/Ts+AtOdqEmA=
    dependencies:
      pug-error "^2.0.0"
      token-stream "1.0.0"
  
  pug-runtime@^3.0.0, pug-runtime@^3.0.1:
    version "3.0.1"
    resolved "http://registry.npm.qima-inc.com/pug-runtime/download/pug-runtime-3.0.1.tgz#f636976204723f35a8c5f6fad6acda2a191b83d7"
    integrity sha1-9jaXYgRyPzWoxfb61qzaKhkbg9c=
  
  pug-strip-comments@^2.0.0:
    version "2.0.0"
    resolved "http://registry.npm.qima-inc.com/pug-strip-comments/download/pug-strip-comments-2.0.0.tgz#f94b07fd6b495523330f490a7f554b4ff876303e"
    integrity sha1-+UsH/WtJVSMzD0kKf1VLT/h2MD4=
    dependencies:
      pug-error "^2.0.0"
  
  pug-walk@^2.0.0:
    version "2.0.0"
    resolved "http://registry.npm.qima-inc.com/pug-walk/download/pug-walk-2.0.0.tgz#417aabc29232bb4499b5b5069a2b2d2a24d5f5fe"
    integrity sha1-QXqrwpIyu0SZtbUGmistKiTV9f4=
  
  pug@^3.0.2:
    version "3.0.2"
    resolved "http://registry.npm.qima-inc.com/pug/download/pug-3.0.2.tgz#f35c7107343454e43bc27ae0ff76c731b78ea535"
    integrity sha1-81xxBzQ0VOQ7wnrg/3bHMbeOpTU=
    dependencies:
      pug-code-gen "^3.0.2"
      pug-filters "^4.0.0"
      pug-lexer "^5.0.1"
      pug-linker "^4.0.0"
      pug-load "^3.0.0"
      pug-parser "^6.0.0"
      pug-runtime "^3.0.1"
      pug-strip-comments "^2.0.0"
  
  pump@^3.0.0:
    version "3.0.0"
    resolved "http://registry.npm.qima-inc.com/pump/download/pump-3.0.0.tgz#b4a2116815bde2f4e1ea602354e8c75565107a64"
    integrity sha1-tKIRaBW94vTh6mAjVOjHVWUQemQ=
    dependencies:
      end-of-stream "^1.1.0"
      once "^1.3.1"
  
  queue-microtask@^1.2.2:
    version "1.2.3"
    resolved "http://registry.npm.qima-inc.com/queue-microtask/download/queue-microtask-1.2.3.tgz#4929228bbc724dfac43e0efb058caf7b6cfb6243"
    integrity sha1-SSkii7xyTfrEPg77BYyve2z7YkM=
  
  readable-stream@^2.2.2:
    version "2.3.7"
    resolved "http://registry.npm.qima-inc.com/readable-stream/download/readable-stream-2.3.7.tgz#1eca1cf711aef814c04f62252a36a62f6cb23b57"
    integrity sha1-Hsoc9xGu+BTAT2IlKjamL2yyO1c=
    dependencies:
      core-util-is "~1.0.0"
      inherits "~2.0.3"
      isarray "~1.0.0"
      process-nextick-args "~2.0.0"
      safe-buffer "~5.1.1"
      string_decoder "~1.1.1"
      util-deprecate "~1.0.1"
  
  readdirp@~3.6.0:
    version "3.6.0"
    resolved "http://registry.npm.qima-inc.com/readdirp/download/readdirp-3.6.0.tgz#74a370bd857116e245b29cc97340cd431a02a6c7"
    integrity sha1-dKNwvYVxFuJFspzJc0DNQxoCpsc=
    dependencies:
      picomatch "^2.2.1"
  
  regenerator-runtime@^0.13.4:
    version "0.13.9"
    resolved "http://registry.npm.qima-inc.com/regenerator-runtime/download/regenerator-runtime-0.13.9.tgz#8925742a98ffd90814988d7566ad30ca3b263b52"
    integrity sha1-iSV0Kpj/2QgUmI11Zq0wyjsmO1I=
  
  request-light@^0.5.4:
    version "0.5.7"
    resolved "http://registry.npm.qima-inc.com/request-light/download/request-light-0.5.7.tgz#1c448c22153b55d2cd278eb414df24a5ad6e6d5e"
    integrity sha1-HESMIhU7VdLNJ460FN8kpa1ubV4=
  
  resize-observer-polyfill@^1.5.1:
    version "1.5.1"
    resolved "http://registry.npm.qima-inc.com/resize-observer-polyfill/download/resize-observer-polyfill-1.5.1.tgz#0e9020dd3d21024458d4ebd27e23e40269810464"
    integrity sha1-DpAg3T0hAkRY1OvSfiPkAmmBBGQ=
  
  resolve@^1.15.1, resolve@^1.21.0, resolve@^1.22.0:
    version "1.22.0"
    resolved "http://registry.npm.qima-inc.com/resolve/download/resolve-1.22.0.tgz#5e0b8c67c15df57a89bdbabe603a002f21731198"
    integrity sha1-XguMZ8Fd9XqJvbq+YDoALyFzEZg=
    dependencies:
      is-core-module "^2.8.1"
      path-parse "^1.0.7"
      supports-preserve-symlinks-flag "^1.0.0"
  
  responselike@^1.0.2:
    version "1.0.2"
    resolved "http://registry.npm.qima-inc.com/responselike/download/responselike-1.0.2.tgz#918720ef3b631c5642be068f15ade5a46f4ba1e7"
    integrity sha1-kYcg7ztjHFZCvgaPFa3lpG9Loec=
    dependencies:
      lowercase-keys "^1.0.0"
  
  reusify@^1.0.4:
    version "1.0.4"
    resolved "http://registry.npm.qima-inc.com/reusify/download/reusify-1.0.4.tgz#90da382b1e126efc02146e90845a88db12925d76"
    integrity sha1-kNo4Kx4SbvwCFG6QhFqI2xKSXXY=
  
  roarr@^2.15.3:
    version "2.15.4"
    resolved "http://registry.npm.qima-inc.com/roarr/download/roarr-2.15.4.tgz#f5fe795b7b838ccfe35dc608e0282b9eba2e7afd"
    integrity sha1-9f55W3uDjM/jXcYI4Cgrnrouev0=
    dependencies:
      boolean "^3.0.1"
      detect-node "^2.0.4"
      globalthis "^1.0.1"
      json-stringify-safe "^5.0.1"
      semver-compare "^1.0.0"
      sprintf-js "^1.1.2"
  
  rollup@^2.59.0:
    version "2.68.0"
    resolved "http://registry.npm.qima-inc.com/rollup/download/rollup-2.68.0.tgz#6ccabfd649447f8f21d62bf41662e5caece3bd66"
    integrity sha1-bMq/1klEf48h1iv0FmLlyuzjvWY=
    optionalDependencies:
      fsevents "~2.3.2"
  
  run-parallel@^1.1.9:
    version "1.2.0"
    resolved "http://registry.npm.qima-inc.com/run-parallel/download/run-parallel-1.2.0.tgz#66d1368da7bdf921eb9d95bd1a9229e7f21a43ee"
    integrity sha1-ZtE2jae9+SHrnZW9GpIp5/IaQ+4=
    dependencies:
      queue-microtask "^1.2.2"
  
  safe-buffer@~5.1.0, safe-buffer@~5.1.1:
    version "5.1.2"
    resolved "http://registry.npm.qima-inc.com/safe-buffer/download/safe-buffer-5.1.2.tgz#991ec69d296e0313747d59bdfd2b745c35f8828d"
    integrity sha1-mR7GnSluAxN0fVm9/St0XDX4go0=
  
  "safer-buffer@>= 2.1.2 < 3":
    version "2.1.2"
    resolved "http://registry.npm.qima-inc.com/safer-buffer/download/safer-buffer-2.1.2.tgz#44fa161b0187b9549dd84bb91802f9bd8385cd6a"
    integrity sha1-RPoWGwGHuVSd2Eu5GAL5vYOFzWo=
  
  sax@^1.2.4:
    version "1.2.4"
    resolved "http://registry.npm.qima-inc.com/sax/download/sax-1.2.4.tgz#2816234e2378bddc4e5354fab5caa895df7100d9"
    integrity sha1-KBYjTiN4vdxOU1T6tcqold9xANk=
  
  scroll-into-view-if-needed@^2.2.25, scroll-into-view-if-needed@^2.2.28:
    version "2.2.29"
    resolved "http://registry.npm.qima-inc.com/scroll-into-view-if-needed/download/scroll-into-view-if-needed-2.2.29.tgz#551791a84b7e2287706511f8c68161e4990ab885"
    integrity sha1-VReRqEt+IodwZRH4xoFh5JkKuIU=
    dependencies:
      compute-scroll-into-view "^1.0.17"
  
  semver-compare@^1.0.0:
    version "1.0.0"
    resolved "http://registry.npm.qima-inc.com/semver-compare/download/semver-compare-1.0.0.tgz#0dee216a1c941ab37e9efb1788f6afc5ff5537fc"
    integrity sha1-De4hahyUGrN+nvsXiPavxf9VN/w=
  
  semver@^5.6.0:
    version "5.7.1"
    resolved "http://registry.npm.qima-inc.com/semver/download/semver-5.7.1.tgz#a954f931aeba508d307bbf069eff0c01c96116f7"
    integrity sha1-qVT5Ma66UI0we78Gnv8MAclhFvc=
  
  semver@^6.2.0:
    version "6.3.0"
    resolved "http://registry.npm.qima-inc.com/semver/download/semver-6.3.0.tgz#ee0a64c8af5e8ceea67687b133761e1becbd1d3d"
    integrity sha1-7gpkyK9ejO6mdoexM3YeG+y9HT0=
  
  semver@^7.3.2, semver@^7.3.5:
    version "7.3.5"
    resolved "http://registry.npm.qima-inc.com/semver/download/semver-7.3.5.tgz#0b621c879348d8998e4b0e4be94b3f12e6018ef7"
    integrity sha1-C2Ich5NI2JmOSw5L6Us/EuYBjvc=
    dependencies:
      lru-cache "^6.0.0"
  
  serialize-error@^7.0.1:
    version "7.0.1"
    resolved "http://registry.npm.qima-inc.com/serialize-error/download/serialize-error-7.0.1.tgz#f1360b0447f61ffb483ec4157c737fab7d778e18"
    integrity sha1-8TYLBEf2H/tIPsQVfHN/q313jhg=
    dependencies:
      type-fest "^0.13.1"
  
  shallow-equal@^1.0.0:
    version "1.2.1"
    resolved "http://registry.npm.qima-inc.com/shallow-equal/download/shallow-equal-1.2.1.tgz#4c16abfa56043aa20d050324efa68940b0da79da"
    integrity sha1-TBar+lYEOqINBQMk76aJQLDaedo=
  
  simple-swizzle@^0.2.2:
    version "0.2.2"
    resolved "http://registry.npm.qima-inc.com/simple-swizzle/download/simple-swizzle-0.2.2.tgz#a4da6b635ffcccca33f70d17cb92592de95e557a"
    integrity sha1-pNprY1/8zMoz9w0Xy5JZLeleVXo=
    dependencies:
      is-arrayish "^0.3.1"
  
  source-map-js@^1.0.2:
    version "1.0.2"
    resolved "http://registry.npm.qima-inc.com/source-map-js/download/source-map-js-1.0.2.tgz#adbc361d9c62df380125e7f161f71c826f1e490c"
    integrity sha1-rbw2HZxi3zgBJefxYfccgm8eSQw=
  
  source-map@^0.6.1, source-map@~0.6.0:
    version "0.6.1"
    resolved "http://registry.npm.qima-inc.com/source-map/download/source-map-0.6.1.tgz#74722af32e9614e9c287a8d0bbde48b5e2f1a263"
    integrity sha1-dHIq8y6WFOnCh6jQu95IteLxomM=
  
  sourcemap-codec@^1.4.4:
    version "1.4.8"
    resolved "http://registry.npm.qima-inc.com/sourcemap-codec/download/sourcemap-codec-1.4.8.tgz#ea804bd94857402e6992d05a38ef1ae35a9ab4c4"
    integrity sha1-6oBL2UhXQC5pktBaOO8a41qatMQ=
  
  sprintf-js@^1.1.2:
    version "1.1.2"
    resolved "http://registry.npm.qima-inc.com/sprintf-js/download/sprintf-js-1.1.2.tgz#da1765262bf8c0f571749f2ad6c26300207ae673"
    integrity sha1-2hdlJiv4wPVxdJ8q1sJjACB65nM=
  
  string_decoder@~1.1.1:
    version "1.1.1"
    resolved "http://registry.npm.qima-inc.com/string_decoder/download/string_decoder-1.1.1.tgz#9cf1611ba62685d7030ae9e4ba34149c3af03fc8"
    integrity sha1-nPFhG6YmhdcDCunkujQUnDrwP8g=
    dependencies:
      safe-buffer "~5.1.0"
  
  sumchecker@^3.0.1:
    version "3.0.1"
    resolved "http://registry.npm.qima-inc.com/sumchecker/download/sumchecker-3.0.1.tgz#6377e996795abb0b6d348e9b3e1dfb24345a8e42"
    integrity sha1-Y3fplnlauwttNI6bPh37JDRajkI=
    dependencies:
      debug "^4.1.0"
  
  supports-preserve-symlinks-flag@^1.0.0:
    version "1.0.0"
    resolved "http://registry.npm.qima-inc.com/supports-preserve-symlinks-flag/download/supports-preserve-symlinks-flag-1.0.0.tgz#6eda4bd344a3c94aea376d4cc31bc77311039e09"
    integrity sha1-btpL00SjyUrqN21MwxvHcxEDngk=
  
  to-fast-properties@^2.0.0:
    version "2.0.0"
    resolved "http://registry.npm.qima-inc.com/to-fast-properties/download/to-fast-properties-2.0.0.tgz#dc5e698cbd079265bc73e0377681a4e4e83f616e"
    integrity sha1-3F5pjL0HkmW8c+A3doGk5Og/YW4=
  
  to-readable-stream@^1.0.0:
    version "1.0.0"
    resolved "http://registry.npm.qima-inc.com/to-readable-stream/download/to-readable-stream-1.0.0.tgz#ce0aa0c2f3df6adf852efb404a783e77c0475771"
    integrity sha1-zgqgwvPfat+FLvtASng+d8BHV3E=
  
  to-regex-range@^5.0.1:
    version "5.0.1"
    resolved "http://registry.npm.qima-inc.com/to-regex-range/download/to-regex-range-5.0.1.tgz#1648c44aae7c8d988a326018ed72f5b4dd0392e4"
    integrity sha1-FkjESq58jZiKMmAY7XL1tN0DkuQ=
    dependencies:
      is-number "^7.0.0"
  
  token-stream@1.0.0:
    version "1.0.0"
    resolved "http://registry.npm.qima-inc.com/token-stream/download/token-stream-1.0.0.tgz#cc200eab2613f4166d27ff9afc7ca56d49df6eb4"
    integrity sha1-zCAOqyYT9BZtJ/+a/HylbUnfbrQ=
  
  tslib@2.3.0:
    version "2.3.0"
    resolved "http://registry.npm.qima-inc.com/tslib/download/tslib-2.3.0.tgz#803b8cdab3e12ba581a4ca41c8839bbb0dacb09e"
    integrity sha1-gDuM2rPhK6WBpMpByIObuw2ssJ4=
  
  tslib@^2.3.0:
    version "2.3.1"
    resolved "http://registry.npm.qima-inc.com/tslib/download/tslib-2.3.1.tgz#e8a335add5ceae51aa261d32a490158ef042ef01"
    integrity sha1-6KM1rdXOrlGqJh0ypJAVjvBC7wE=
  
  tunnel@^0.0.6:
    version "0.0.6"
    resolved "http://registry.npm.qima-inc.com/tunnel/download/tunnel-0.0.6.tgz#72f1314b34a5b192db012324df2cc587ca47f92c"
    integrity sha1-cvExSzSlsZLbASMk3yzFh8pH+Sw=
  
  type-fest@^0.13.1:
    version "0.13.1"
    resolved "http://registry.npm.qima-inc.com/type-fest/download/type-fest-0.13.1.tgz#0172cb5bce80b0bd542ea348db50c7e21834d934"
    integrity sha1-AXLLW86AsL1ULqNI21DH4hg02TQ=
  
  typedarray@^0.0.6:
    version "0.0.6"
    resolved "http://registry.npm.qima-inc.com/typedarray/download/typedarray-0.0.6.tgz#867ac74e3864187b1d3d47d996a78ec5c8830777"
    integrity sha1-hnrHTjhkGHsdPUfZlqeOxciDB3c=
  
  typescript@^4.4.4:
    version "4.5.5"
    resolved "http://registry.npm.qima-inc.com/typescript/download/typescript-4.5.5.tgz#d8c953832d28924a9e3d37c73d729c846c5896f3"
    integrity sha1-2MlTgy0okkqePTfHPXKchGxYlvM=
  
  universalify@^0.1.0:
    version "0.1.2"
    resolved "http://registry.npm.qima-inc.com/universalify/download/universalify-0.1.2.tgz#b646f69be3942dabcecc9d6639c80dc105efaa66"
    integrity sha1-tkb2m+OULavOzJ1mOcgNwQXvqmY=
  
  unplugin-vue-components@^0.17.21:
    version "0.17.21"
    resolved "http://registry.npm.qima-inc.com/unplugin-vue-components/download/unplugin-vue-components-0.17.21.tgz#b4acdb389ef2dab90d974353e5310507865acc43"
    integrity sha1-tKzbOJ7y2rkNl0NT5TEFB4ZazEM=
    dependencies:
      "@antfu/utils" "^0.4.0"
      "@rollup/pluginutils" "^4.1.2"
      chokidar "^3.5.2"
      debug "^4.3.3"
      fast-glob "^3.2.11"
      local-pkg "^0.4.1"
      magic-string "^0.25.7"
      minimatch "^3.0.4"
      resolve "^1.21.0"
      unplugin "^0.3.0"
  
  unplugin@^0.3.0:
    version "0.3.3"
    resolved "http://registry.npm.qima-inc.com/unplugin/download/unplugin-0.3.3.tgz#e9b148f84cabef5e6529f232a10e674a7c020930"
    integrity sha1-6bFI+Eyr715lKfIyoQ5nSnwCCTA=
    dependencies:
      webpack-virtual-modules "^0.4.3"
  
  upath@^2.0.1:
    version "2.0.1"
    resolved "http://registry.npm.qima-inc.com/upath/download/upath-2.0.1.tgz#50c73dea68d6f6b990f51d279ce6081665d61a8b"
    integrity sha1-UMc96mjW9rmQ9R0nnOYIFmXWGos=
  
  url-parse-lax@^3.0.0:
    version "3.0.0"
    resolved "http://registry.npm.qima-inc.com/url-parse-lax/download/url-parse-lax-3.0.0.tgz#16b5cafc07dbe3676c1b1999177823d6503acb0c"
    integrity sha1-FrXK/Afb42dsGxmZF3gj1lA6yww=
    dependencies:
      prepend-http "^2.0.0"
  
  util-deprecate@~1.0.1:
    version "1.0.2"
    resolved "http://registry.npm.qima-inc.com/util-deprecate/download/util-deprecate-1.0.2.tgz#450d4dc9fa70de732762fbd2d4a28981419a0ccf"
    integrity sha1-RQ1Nyfpw3nMnYvvS1KKJgUGaDM8=
  
  vite@^2.7.2:
    version "2.8.4"
    resolved "http://registry.npm.qima-inc.com/vite/download/vite-2.8.4.tgz#4e52a534289b7b4e94e646df2fc5556ceaa7336b"
    integrity sha1-TlKlNCibe06U5kbfL8VVbOqnM2s=
    dependencies:
      esbuild "^0.14.14"
      postcss "^8.4.6"
      resolve "^1.22.0"
      rollup "^2.59.0"
    optionalDependencies:
      fsevents "~2.3.2"
  
  void-elements@^3.1.0:
    version "3.1.0"
    resolved "http://registry.npm.qima-inc.com/void-elements/download/void-elements-3.1.0.tgz#614f7fbf8d801f0bb5f0661f5b2f5785750e4f09"
    integrity sha1-YU9/v42AHwu18GYfWy9XhXUOTwk=
  
  vscode-css-languageservice@^5.1.7:
    version "5.1.12"
    resolved "http://registry.npm.qima-inc.com/vscode-css-languageservice/download/vscode-css-languageservice-5.1.12.tgz#eed3a6a1bb8a7a70636ef07cd742a034c71635a1"
    integrity sha1-7tOmobuKenBjbvB810KgNMcWNaE=
    dependencies:
      vscode-languageserver-textdocument "^1.0.1"
      vscode-languageserver-types "^3.16.0"
      vscode-nls "^5.0.0"
      vscode-uri "^3.0.2"
  
  vscode-html-languageservice@^4.1.0:
    version "4.2.1"
    resolved "http://registry.npm.qima-inc.com/vscode-html-languageservice/download/vscode-html-languageservice-4.2.1.tgz#b95077cffd19bf187e53c7bf79e3e0dd7edbc7cf"
    integrity sha1-uVB3z/0Zvxh+U8e/eePg3X7bx88=
    dependencies:
      vscode-languageserver-textdocument "^1.0.1"
      vscode-languageserver-types "^3.16.0"
      vscode-nls "^5.0.0"
      vscode-uri "^3.0.2"
  
  vscode-json-languageservice@^4.1.8:
    version "4.2.0"
    resolved "http://registry.npm.qima-inc.com/vscode-json-languageservice/download/vscode-json-languageservice-4.2.0.tgz#df0693b69ba2fbf0a6add896087b6f1c9c38f06a"
    integrity sha1-3waTtpui+/CmrdiWCHtvHJw48Go=
    dependencies:
      jsonc-parser "^3.0.0"
      vscode-languageserver-textdocument "^1.0.3"
      vscode-languageserver-types "^3.16.0"
      vscode-nls "^5.0.0"
      vscode-uri "^3.0.3"
  
  vscode-jsonrpc@8.0.0-next.5, vscode-jsonrpc@^8.0.0-next.2:
    version "8.0.0-next.5"
    resolved "http://registry.npm.qima-inc.com/vscode-jsonrpc/download/vscode-jsonrpc-8.0.0-next.5.tgz#44ac984fd8a849b8a351611d5867411226885988"
    integrity sha1-RKyYT9ioSbijUWEdWGdBEiaIWYg=
  
  vscode-languageserver-protocol@3.17.0-next.12:
    version "3.17.0-next.12"
    resolved "http://registry.npm.qima-inc.com/vscode-languageserver-protocol/download/vscode-languageserver-protocol-3.17.0-next.12.tgz#8304d9d1f9490b4f1dd9f46b35d22e87d675e704"
    integrity sha1-gwTZ0flJC08d2fRrNdIuh9Z15wQ=
    dependencies:
      vscode-jsonrpc "8.0.0-next.5"
      vscode-languageserver-types "3.17.0-next.6"
  
  vscode-languageserver-textdocument@^1.0.1, vscode-languageserver-textdocument@^1.0.3:
    version "1.0.3"
    resolved "http://registry.npm.qima-inc.com/vscode-languageserver-textdocument/download/vscode-languageserver-textdocument-1.0.3.tgz#879f2649bfa5a6e07bc8b392c23ede2dfbf43eff"
    integrity sha1-h58mSb+lpuB7yLOSwj7eLfv0Pv8=
  
  vscode-languageserver-types@3.17.0-next.6:
    version "3.17.0-next.6"
    resolved "http://registry.npm.qima-inc.com/vscode-languageserver-types/download/vscode-languageserver-types-3.17.0-next.6.tgz#a62465a6656295e257b33b903bd94ced58464022"
    integrity sha1-piRlpmVileJXszuQO9lM7VhGQCI=
  
  vscode-languageserver-types@^3.15.1, vscode-languageserver-types@^3.16.0:
    version "3.16.0"
    resolved "http://registry.npm.qima-inc.com/vscode-languageserver-types/download/vscode-languageserver-types-3.16.0.tgz#ecf393fc121ec6974b2da3efb3155644c514e247"
    integrity sha1-7POT/BIexpdLLaPvsxVWRMUU4kc=
  
  vscode-languageserver@^8.0.0-next.2:
    version "8.0.0-next.6"
    resolved "http://registry.npm.qima-inc.com/vscode-languageserver/download/vscode-languageserver-8.0.0-next.6.tgz#c349a1f6e56c7034613161c79818d36587b1bf5f"
    integrity sha1-w0mh9uVscDRhMWHHmBjTZYexv18=
    dependencies:
      vscode-languageserver-protocol "3.17.0-next.12"
  
  vscode-nls@^5.0.0:
    version "5.0.0"
    resolved "http://registry.npm.qima-inc.com/vscode-nls/download/vscode-nls-5.0.0.tgz#99f0da0bd9ea7cda44e565a74c54b1f2bc257840"
    integrity sha1-mfDaC9nqfNpE5WWnTFSx8rwleEA=
  
  vscode-pug-languageservice@0.29.8:
    version "0.29.8"
    resolved "http://registry.npm.qima-inc.com/vscode-pug-languageservice/download/vscode-pug-languageservice-0.29.8.tgz#3d95f974bc273ddd8f5a8fb5d3ac8064b2dc63d1"
    integrity sha1-PZX5dLwnPd2PWo+106yAZLLcY9E=
    dependencies:
      "@volar/code-gen" "0.29.8"
      "@volar/shared" "0.29.8"
      "@volar/source-map" "0.29.8"
      "@volar/transforms" "0.29.8"
      pug-lexer "^5.0.1"
      pug-parser "^6.0.0"
      vscode-languageserver "^8.0.0-next.2"
  
  vscode-typescript-languageservice@0.29.8:
    version "0.29.8"
    resolved "http://registry.npm.qima-inc.com/vscode-typescript-languageservice/download/vscode-typescript-languageservice-0.29.8.tgz#370572e8c99c8b8190733a4bfc1b45c5f91aa044"
    integrity sha1-NwVy6Mmci4GQczpL/BtFxfkaoEQ=
    dependencies:
      "@volar/shared" "0.29.8"
      semver "^7.3.5"
      upath "^2.0.1"
      vscode-languageserver "^8.0.0-next.2"
      vscode-languageserver-textdocument "^1.0.1"
  
  vscode-uri@^2.1.2:
    version "2.1.2"
    resolved "http://registry.npm.qima-inc.com/vscode-uri/download/vscode-uri-2.1.2.tgz#c8d40de93eb57af31f3c715dd650e2ca2c096f1c"
    integrity sha1-yNQN6T61evMfPHFd1lDiyiwJbxw=
  
  vscode-uri@^3.0.2, vscode-uri@^3.0.3:
    version "3.0.3"
    resolved "http://registry.npm.qima-inc.com/vscode-uri/download/vscode-uri-3.0.3.tgz#a95c1ce2e6f41b7549f86279d19f47951e4f4d84"
    integrity sha1-qVwc4ub0G3VJ+GJ50Z9HlR5PTYQ=
  
  vscode-vue-languageservice@0.29.8:
    version "0.29.8"
    resolved "http://registry.npm.qima-inc.com/vscode-vue-languageservice/download/vscode-vue-languageservice-0.29.8.tgz#6d59aab4fb94215b99b6f7d0e2ab73babd398d05"
    integrity sha1-bVmqtPuUIVuZtvfQ4qtzur05jQU=
    dependencies:
      "@volar/code-gen" "0.29.8"
      "@volar/html2pug" "0.29.8"
      "@volar/shared" "0.29.8"
      "@volar/source-map" "0.29.8"
      "@volar/transforms" "0.29.8"
      "@volar/vue-code-gen" "0.29.8"
      "@vscode/emmet-helper" "^2.8.0"
      "@vue/reactivity" "^3.2.21"
      "@vue/shared" "^3.2.21"
      request-light "^0.5.4"
      upath "^2.0.1"
      vscode-css-languageservice "^5.1.7"
      vscode-html-languageservice "^4.1.0"
      vscode-json-languageservice "^4.1.8"
      vscode-languageserver "^8.0.0-next.2"
      vscode-languageserver-textdocument "^1.0.1"
      vscode-pug-languageservice "0.29.8"
      vscode-typescript-languageservice "0.29.8"
  
  vue-demi@*:
    version "0.12.1"
    resolved "http://registry.npm.qima-inc.com/vue-demi/download/vue-demi-0.12.1.tgz#f7e18efbecffd11ab069d1472d7a06e319b4174c"
    integrity sha1-9+GO++z/0RqwadFHLXoG4xm0F0w=
  
  vue-js-modal@^2.0.1:
    version "2.0.1"
    resolved "http://registry.npm.qima-inc.com/vue-js-modal/download/vue-js-modal-2.0.1.tgz#748ba2533c5b5eaf8234c6320b148663357c1163"
    integrity sha1-dIuiUzxbXq+CNMYyCxSGYzV8EWM=
    dependencies:
      resize-observer-polyfill "^1.5.1"
  
  vue-tsc@^0.29.8:
    version "0.29.8"
    resolved "http://registry.npm.qima-inc.com/vue-tsc/download/vue-tsc-0.29.8.tgz#f4d8de5dd8756107c878489ccf9178d2d72fff47"
    integrity sha1-9NjeXdh1YQfIeEicz5F40tcv/0c=
    dependencies:
      "@volar/shared" "0.29.8"
      vscode-vue-languageservice "0.29.8"
  
  vue-types@^3.0.0:
    version "3.0.2"
    resolved "http://registry.npm.qima-inc.com/vue-types/download/vue-types-3.0.2.tgz#ec16e05d412c038262fc1efa4ceb9647e7fb601d"
    integrity sha1-7BbgXUEsA4Ji/B76TOuWR+f7YB0=
    dependencies:
      is-plain-object "3.0.1"
  
  vue@^3.2.25:
    version "3.2.31"
    resolved "http://registry.npm.qima-inc.com/vue/download/vue-3.2.31.tgz#e0c49924335e9f188352816788a4cca10f817ce6"
    integrity sha1-4MSZJDNenxiDUoFniKTMoQ+BfOY=
    dependencies:
      "@vue/compiler-dom" "3.2.31"
      "@vue/compiler-sfc" "3.2.31"
      "@vue/runtime-dom" "3.2.31"
      "@vue/server-renderer" "3.2.31"
      "@vue/shared" "3.2.31"
  
  warning@^4.0.0:
    version "4.0.3"
    resolved "http://registry.npm.qima-inc.com/warning/download/warning-4.0.3.tgz#16e9e077eb8a86d6af7d64aa1e05fd85b4678ca3"
    integrity sha1-Fungd+uKhtavfWSqHgX9hbRnjKM=
    dependencies:
      loose-envify "^1.0.0"
  
  webpack-virtual-modules@^0.4.3:
    version "0.4.3"
    resolved "http://registry.npm.qima-inc.com/webpack-virtual-modules/download/webpack-virtual-modules-0.4.3.tgz#cd597c6d51d5a5ecb473eea1983a58fa8a17ded9"
    integrity sha1-zVl8bVHVpey0c+6hmDpY+ooX3tk=
  
  with@^7.0.0:
    version "7.0.2"
    resolved "http://registry.npm.qima-inc.com/with/download/with-7.0.2.tgz#ccee3ad542d25538a7a7a80aad212b9828495bac"
    integrity sha1-zO461ULSVTinp6gKrSErmChJW6w=
    dependencies:
      "@babel/parser" "^7.9.6"
      "@babel/types" "^7.9.6"
      assert-never "^1.2.1"
      babel-walk "3.0.0-canary-5"
  
  wrappy@1:
    version "1.0.2"
    resolved "http://registry.npm.qima-inc.com/wrappy/download/wrappy-1.0.2.tgz#b5243d8f3ec1aa35f1364605bc0d1036e30ab69f"
    integrity sha1-tSQ9jz7BqjXxNkYFvA0QNuMKtp8=
  
  yallist@^4.0.0:
    version "4.0.0"
    resolved "http://registry.npm.qima-inc.com/yallist/download/yallist-4.0.0.tgz#9bb92790d9c0effec63be73519e11a35019a3a72"
    integrity sha1-m7knkNnA7/7GO+c1GeEaNQGaOnI=
  
  yauzl@^2.10.0:
    version "2.10.0"
    resolved "http://registry.npm.qima-inc.com/yauzl/download/yauzl-2.10.0.tgz#c7eb17c93e112cb1086fa6d8e51fb0667b79a5f9"
    integrity sha1-x+sXyT4RLLEIb6bY5R+wZnt5pfk=
    dependencies:
      buffer-crc32 "~0.2.3"
      fd-slicer "~1.1.0"
  
  zrender@5.3.0:
    version "5.3.0"
    resolved "http://registry.npm.qima-inc.com/zrender/download/zrender-5.3.0.tgz#297c05dc2521362816c4ddced10a1e306646bbc8"
    integrity sha1-KXwF3CUhNigWxN3O0QoeMGZGu8g=
    dependencies:
      tslib "2.3.0"
